Project Information        c:\users\gui\documents\circuitos\trabalho td\pc.rpt

MAX+plus II Compiler Report File
Version 10.2 07/10/2002
Compiled: 06/08/2008 15:57:02

Copyright (C) 1988-2002 Altera Corporation
Any megafunction design, and related net list (encrypted or decrypted),
support information, device programming or simulation file, and any other
associated documentation or information provided by Altera or a partner
under Altera's Megafunction Partnership Program may be used only to
program PLD devices (but not masked PLD devices) from Altera.  Any other
use of such megafunction design, net list, support information, device
programming or simulation file, or any other related documentation or
information is prohibited for any other purpose, including, but not
limited to modification, reverse engineering, de-compiling, or use with
any other silicon devices, unless such use is explicitly licensed under
a separate agreement with Altera or a megafunction partner.  Title to
the intellectual property, including patents, copyrights, trademarks,
trade secrets, or maskworks, embodied in any such megafunction design,
net list, support information, device programming or simulation file, or
any other related documentation or information provided by Altera or a
megafunction partner, remains with Altera, the megafunction partner, or
their respective licensors.  No other licenses, including any licenses
needed under any third party's intellectual property, are provided herein.



***** Project compilation was successful




** DEVICE SUMMARY **

Chip/                     Input   Output   Bidir         Shareable
POF       Device          Pins    Pins     Pins     LCs  Expanders  % Utilized

pc        EPM7064LC44-7    11       8        0      47      6           73 %

User Pins:                 11       8        0  



Project Information        c:\users\gui\documents\circuitos\trabalho td\pc.rpt

** FILE HIERARCHY **



|mux21_8bits:17|
|mux21_8bits:17|21mux:8|
|mux21_8bits:17|21mux:7|
|mux21_8bits:17|21mux:6|
|mux21_8bits:17|21mux:5|
|mux21_8bits:17|21mux:4|
|mux21_8bits:17|21mux:3|
|mux21_8bits:17|21mux:2|
|mux21_8bits:17|21mux:1|
|mux21_8bits:16|
|mux21_8bits:16|21mux:8|
|mux21_8bits:16|21mux:7|
|mux21_8bits:16|21mux:6|
|mux21_8bits:16|21mux:5|
|mux21_8bits:16|21mux:4|
|mux21_8bits:16|21mux:3|
|mux21_8bits:16|21mux:2|
|mux21_8bits:16|21mux:1|
|incrementadorpc:19|
|incrementadorpc:19|fa:8|
|incrementadorpc:19|fa:8|xor_com_nand:21|
|incrementadorpc:19|fa:8|xor_com_nand:22|
|incrementadorpc:19|fa:7|
|incrementadorpc:19|fa:7|xor_com_nand:21|
|incrementadorpc:19|fa:7|xor_com_nand:22|
|incrementadorpc:19|fa:6|
|incrementadorpc:19|fa:6|xor_com_nand:21|
|incrementadorpc:19|fa:6|xor_com_nand:22|
|incrementadorpc:19|fa:5|
|incrementadorpc:19|fa:5|xor_com_nand:21|
|incrementadorpc:19|fa:5|xor_com_nand:22|
|incrementadorpc:19|fa:4|
|incrementadorpc:19|fa:4|xor_com_nand:21|
|incrementadorpc:19|fa:4|xor_com_nand:22|
|incrementadorpc:19|fa:3|
|incrementadorpc:19|fa:3|xor_com_nand:21|
|incrementadorpc:19|fa:3|xor_com_nand:22|
|incrementadorpc:19|fa:2|
|incrementadorpc:19|fa:2|xor_com_nand:21|
|incrementadorpc:19|fa:2|xor_com_nand:22|
|incrementadorpc:19|fa:1|
|incrementadorpc:19|fa:1|xor_com_nand:21|
|incrementadorpc:19|fa:1|xor_com_nand:22|
|registrador8b:52|
|registrador8b:52|ddf_controledecarga:1|
|registrador8b:52|ddf_controledecarga:1|flipflopd:1|
|registrador8b:52|ddf_controledecarga:1|mux_2_1:2|
|registrador8b:52|ddf_controledecarga:2|
|registrador8b:52|ddf_controledecarga:2|flipflopd:1|
|registrador8b:52|ddf_controledecarga:2|mux_2_1:2|
|registrador8b:52|ddf_controledecarga:3|
|registrador8b:52|ddf_controledecarga:3|flipflopd:1|
|registrador8b:52|ddf_controledecarga:3|mux_2_1:2|
|registrador8b:52|ddf_controledecarga:4|
|registrador8b:52|ddf_controledecarga:4|flipflopd:1|
|registrador8b:52|ddf_controledecarga:4|mux_2_1:2|
|registrador8b:52|ddf_controledecarga:5|
|registrador8b:52|ddf_controledecarga:5|flipflopd:1|
|registrador8b:52|ddf_controledecarga:5|mux_2_1:2|
|registrador8b:52|ddf_controledecarga:6|
|registrador8b:52|ddf_controledecarga:6|flipflopd:1|
|registrador8b:52|ddf_controledecarga:6|mux_2_1:2|
|registrador8b:52|ddf_controledecarga:7|
|registrador8b:52|ddf_controledecarga:7|flipflopd:1|
|registrador8b:52|ddf_controledecarga:7|mux_2_1:2|
|registrador8b:52|ddf_controledecarga:8|
|registrador8b:52|ddf_controledecarga:8|flipflopd:1|
|registrador8b:52|ddf_controledecarga:8|mux_2_1:2|


Device-Specific Information:c:\users\gui\documents\circuitos\trabalho td\pc.rpt
pc

***** Logic for device 'pc' compiled without errors.




Device: EPM7064LC44-7

Device Options:
    Turbo Bit                                    = ON
    Security Bit                                 = OFF

                                                 
                                                 
                                           R     
                                           E     
                                           S     
                                           E     
                                           R     
                         V  G  G  G  G  G  V     
                e  e  e  C  N  N  N  N  N  E  s  
                5  4  3  C  D  D  D  D  D  D  6  
              -----------------------------------_ 
            /   6  5  4  3  2  1 44 43 42 41 40   | 
        e6 |  7                                39 | RESERVED 
        e7 |  8                                38 | RESERVED 
incrementa |  9                                37 | RESERVED 
       GND | 10                                36 | s7 
        CK | 11                                35 | VCC 
   cargaPC | 12         EPM7064LC44-7          34 | RESERVED 
  RESERVED | 13                                33 | RESERVED 
  RESERVED | 14                                32 | RESERVED 
       VCC | 15                                31 | RESERVED 
        s5 | 16                                30 | GND 
        s1 | 17                                29 | RESERVED 
           |_  18 19 20 21 22 23 24 25 26 27 28  _| 
             ------------------------------------ 
                s  e  e  e  G  V  s  s  s  R  R  
                0  0  1  2  N  C  2  3  4  E  E  
                            D  C           S  S  
                                           E  E  
                                           R  R  
                                           V  V  
                                           E  E  
                                           D  D  
                                                 
                                                 


N.C. = No Connect. This pin has no internal connection to the device.
VCC = Dedicated power pin, which MUST be connected to VCC.
GND = Dedicated ground pin or unused dedicated input, which MUST be connected to GND.
RESERVED = Unused I/O pin, which MUST be left unconnected.



Device-Specific Information:c:\users\gui\documents\circuitos\trabalho td\pc.rpt
pc

** RESOURCE USAGE **

                                                Shareable     External
Logic Array Block     Logic Cells   I/O Pins    Expanders   Interconnect

A:     LC1 - LC16     0/16(  0%)   8/ 8(100%)   0/16(  0%)   0/36(  0%) 
B:    LC17 - LC32    15/16( 93%)   6/ 8( 75%)   5/16( 31%)  22/36( 61%) 
C:    LC33 - LC48    16/16(100%)   3/ 8( 37%)  12/16( 75%)  22/36( 61%) 
D:    LC49 - LC64    16/16(100%)   2/ 8( 25%)  11/16( 68%)  30/36( 83%) 


Total dedicated input pins used:                 0/4      (  0%)
Total I/O pins used:                            19/32     ( 59%)
Total logic cells used:                         47/64     ( 73%)
Total shareable expanders used:                  6/64     (  9%)
Total Turbo logic cells used:                   47/64     ( 73%)
Total shareable expanders not available (n/a):  22/64     ( 34%)
Average fan-in:                                  6.44
Total fan-in:                                   303

Total input pins required:                      11
Total output pins required:                      8
Total bidirectional pins required:               0
Total logic cells required:                     47
Total flipflops required:                        0
Total product terms required:                  167
Total logic cells lending parallel expanders:    0
Total shareable expanders in database:           6

Synthesized logic cells:                        45/  64   ( 70%)



Device-Specific Information:c:\users\gui\documents\circuitos\trabalho td\pc.rpt
pc

** INPUTS **

                                         Shareable
                                         Expanders     Fan-In    Fan-Out
 Pin     LC  LAB  Primitive    Code   Total Shared n/a INP  FBK  OUT  FBK  Name
  12    (1)  (A)      INPUT               0      0   0    0    0    0   23  cargaPC
  11    (3)  (A)      INPUT               0      0   0    0    0    6   31  CK
  19   (20)  (B)      INPUT               0      0   0    0    0    0    2  e0
  20   (19)  (B)      INPUT               0      0   0    0    0    0    3  e1
  21   (17)  (B)      INPUT               0      0   0    0    0    0    3  e2
   4   (16)  (A)      INPUT               0      0   0    0    0    0    3  e3
   5   (14)  (A)      INPUT               0      0   0    0    0    0    3  e4
   6   (11)  (A)      INPUT               0      0   0    0    0    0    3  e5
   7    (8)  (A)      INPUT               0      0   0    0    0    0    3  e6
   8    (5)  (A)      INPUT               0      0   0    0    0    0    3  e7
   9    (4)  (A)      INPUT               0      0   0    0    0    0   22  incrementa


Code:

s = Synthesized pin or logic cell
t = Turbo logic cell
+ = Synchronous flipflop
! = NOT gate push-back
r = Fitter-inserted logic cell


Device-Specific Information:c:\users\gui\documents\circuitos\trabalho td\pc.rpt
pc

** OUTPUTS **

                                         Shareable
                                         Expanders     Fan-In    Fan-Out
 Pin     LC  LAB  Primitive    Code   Total Shared n/a INP  FBK  OUT  FBK  Name
  18     21    B     OUTPUT    s t        0      0   0    1    2    1   22  s0
  17     24    B     OUTPUT    s t        0      0   0    1    2    1    4  s1
  24     33    C     OUTPUT    s t        0      0   0    1    2    1    4  s2
  25     35    C     OUTPUT    s t        0      0   0    1    2    1    4  s3
  26     36    C     OUTPUT    s t        0      0   0    1    2    1    4  s4
  16     25    B     OUTPUT      t        0      0   0    0    2    0    0  s5
  40     62    D     OUTPUT      t        0      0   0    0    2    0    0  s6
  36     52    D     OUTPUT    s t        0      0   0    1    2    1    2  s7


Code:

s = Synthesized pin or logic cell
t = Turbo logic cell
+ = Synchronous flipflop
! = NOT gate push-back
r = Fitter-inserted logic cell


Device-Specific Information:c:\users\gui\documents\circuitos\trabalho td\pc.rpt
pc

** BURIED LOGIC **

                                         Shareable
                                         Expanders     Fan-In    Fan-Out
 Pin     LC  LAB  Primitive    Code   Total Shared n/a INP  FBK  OUT  FBK  Name
   -     18    B      LCELL    s t        0      0   0    0    1    0   20  |incrementadorpc:19|fa:2|xor_com_nand:21|~3~1
 (31)    46    C      LCELL    s t        0      0   0    0    1    0   17  |incrementadorpc:19|fa:3|xor_com_nand:21|~3~1
 (32)    48    C      LCELL    s t        0      0   0    0    1    0   14  |incrementadorpc:19|fa:4|xor_com_nand:21|~3~1
   -     34    C      LCELL    s t        0      0   0    0    1    0   11  |incrementadorpc:19|fa:5|xor_com_nand:21|~3~1
 (20)    19    B      LCELL    s t        0      0   0    0    2    0    8  |incrementadorpc:19|fa:6|xor_com_nand:21|~3~1
   -     55    D      LCELL    s t        0      0   0    0    2    0    5  |incrementadorpc:19|fa:7|xor_com_nand:21|~3~1
 (21)    17    B      LCELL    s t        1      0   1    4    2    0    1  |registrador8b:52|ddf_controledecarga:1|flipflopd:1|~5~1~2
   -     31    B      LCELL    s t        1      0   1    4    3    1    2  |registrador8b:52|ddf_controledecarga:1|flipflopd:1|~5~1
 (14)    30    B      LCELL    s t        1      0   1    4    4    0    1  |registrador8b:52|ddf_controledecarga:2|flipflopd:1|~5~1~2
 (13)    32    B      LCELL    s t        1      0   1    4    4    0    1  |registrador8b:52|ddf_controledecarga:2|flipflopd:1|~5~1~3
   -     28    B      LCELL    s t        0      0   0    0    2    0    1  |registrador8b:52|ddf_controledecarga:2|flipflopd:1|~5~1~4
   -     22    B      LCELL    s t        1      0   1    4    4    1    2  |registrador8b:52|ddf_controledecarga:2|flipflopd:1|~5~1
   -     39    C      LCELL    s t        2      1   1    4    5    0    1  |registrador8b:52|ddf_controledecarga:3|flipflopd:1|~5~1~2
 (29)    41    C      LCELL    s t        2      1   1    4    5    0    1  |registrador8b:52|ddf_controledecarga:3|flipflopd:1|~5~1~3
   -     60    D      LCELL    s t        0      0   0    1    3    0    1  |registrador8b:52|ddf_controledecarga:3|flipflopd:1|~5~1~4
   -     38    C      LCELL    s t        2      1   1    4    5    1    3  |registrador8b:52|ddf_controledecarga:3|flipflopd:1|~5~1
 (28)    40    C      LCELL    s t        2      1   1    4    6    0    1  |registrador8b:52|ddf_controledecarga:4|flipflopd:1|~5~1~2
   -     42    C      LCELL    s t        2      1   1    4    6    0    1  |registrador8b:52|ddf_controledecarga:4|flipflopd:1|~5~1~3
   -     27    B      LCELL    s t        0      0   0    1    3    0    1  |registrador8b:52|ddf_controledecarga:4|flipflopd:1|~5~1~4
 (27)    37    C      LCELL    s t        2      1   1    4    6    1    3  |registrador8b:52|ddf_controledecarga:4|flipflopd:1|~5~1
   -     43    C      LCELL    s t        2      1   1    4    7    0    1  |registrador8b:52|ddf_controledecarga:5|flipflopd:1|~5~1~2
   -     44    C      LCELL    s t        2      1   1    4    7    0    1  |registrador8b:52|ddf_controledecarga:5|flipflopd:1|~5~1~3
   -     45    C      LCELL    s t        0      0   0    1    3    0    1  |registrador8b:52|ddf_controledecarga:5|flipflopd:1|~5~1~4
   -     47    C      LCELL    s t        2      1   1    4    7    1    3  |registrador8b:52|ddf_controledecarga:5|flipflopd:1|~5~1
   -     26    B      LCELL    s t        0      0   0    1    1    1    5  |registrador8b:52|ddf_controledecarga:6|flipflopd:1|~3~1
   -     63    D      LCELL    s t        2      1   1    4    9    0    1  |registrador8b:52|ddf_controledecarga:6|flipflopd:1|~6~1~2
   -     54    D      LCELL    s t        2      1   1    4    9    0    1  |registrador8b:52|ddf_controledecarga:6|flipflopd:1|~6~1~3
 (19)    20    B      LCELL    s t        0      0   0    1    3    0    1  |registrador8b:52|ddf_controledecarga:6|flipflopd:1|~6~1~4
 (39)    57    D      LCELL    s t        2      1   1    4    9    0    5  |registrador8b:52|ddf_controledecarga:6|flipflopd:1|~6~1
   -     23    B      LCELL    s t        0      0   0    1    3    1    5  |registrador8b:52|ddf_controledecarga:6|flipflopd:1|~8~1
 (33)    49    D      LCELL    s t        0      0   0    1    1    1    5  |registrador8b:52|ddf_controledecarga:7|flipflopd:1|~3~1
   -     50    D      LCELL    s t        2      1   1    4   10    0    1  |registrador8b:52|ddf_controledecarga:7|flipflopd:1|~6~1~2
 (34)    51    D      LCELL    s t        2      1   1    4   10    0    1  |registrador8b:52|ddf_controledecarga:7|flipflopd:1|~6~1~3
 (37)    53    D      LCELL    s t        0      0   0    1    3    0    1  |registrador8b:52|ddf_controledecarga:7|flipflopd:1|~6~1~4
 (38)    56    D      LCELL    s t        2      1   1    4   10    0    5  |registrador8b:52|ddf_controledecarga:7|flipflopd:1|~6~1
   -     58    D      LCELL    s t        0      0   0    1    3    1    5  |registrador8b:52|ddf_controledecarga:7|flipflopd:1|~8~1
   -     59    D      LCELL    s t        2      1   1    4    9    0    1  |registrador8b:52|ddf_controledecarga:8|flipflopd:1|~5~1~2
   -     61    D      LCELL    s t        0      0   0    2    2    0    1  |registrador8b:52|ddf_controledecarga:8|flipflopd:1|~5~1~3
 (41)    64    D      LCELL    s t        2      1   1    4   10    1    3  |registrador8b:52|ddf_controledecarga:8|flipflopd:1|~5~1


Code:

s = Synthesized pin or logic cell
t = Turbo logic cell
+ = Synchronous flipflop
! = NOT gate push-back
r = Fitter-inserted logic cell


Device-Specific Information:c:\users\gui\documents\circuitos\trabalho td\pc.rpt
pc

** LOGIC CELL INTERCONNECTIONS **

Logic Array Block 'B':

                                       Logic cells placed in LAB 'B'
        +----------------------------- LC18 |incrementadorpc:19|fa:2|xor_com_nand:21|~3~1
        | +--------------------------- LC19 |incrementadorpc:19|fa:6|xor_com_nand:21|~3~1
        | | +------------------------- LC17 |registrador8b:52|ddf_controledecarga:1|flipflopd:1|~5~1~2
        | | | +----------------------- LC31 |registrador8b:52|ddf_controledecarga:1|flipflopd:1|~5~1
        | | | | +--------------------- LC30 |registrador8b:52|ddf_controledecarga:2|flipflopd:1|~5~1~2
        | | | | | +------------------- LC32 |registrador8b:52|ddf_controledecarga:2|flipflopd:1|~5~1~3
        | | | | | | +----------------- LC28 |registrador8b:52|ddf_controledecarga:2|flipflopd:1|~5~1~4
        | | | | | | | +--------------- LC22 |registrador8b:52|ddf_controledecarga:2|flipflopd:1|~5~1
        | | | | | | | | +------------- LC27 |registrador8b:52|ddf_controledecarga:4|flipflopd:1|~5~1~4
        | | | | | | | | | +----------- LC26 |registrador8b:52|ddf_controledecarga:6|flipflopd:1|~3~1
        | | | | | | | | | | +--------- LC20 |registrador8b:52|ddf_controledecarga:6|flipflopd:1|~6~1~4
        | | | | | | | | | | | +------- LC23 |registrador8b:52|ddf_controledecarga:6|flipflopd:1|~8~1
        | | | | | | | | | | | | +----- LC21 s0
        | | | | | | | | | | | | | +--- LC24 s1
        | | | | | | | | | | | | | | +- LC25 s5
        | | | | | | | | | | | | | | | 
        | | | | | | | | | | | | | | |   Other LABs fed by signals
        | | | | | | | | | | | | | | |   that feed LAB 'B'
LC      | | | | | | | | | | | | | | | | A B C D |     Logic cells that feed LAB 'B':
LC18 -> - - - - * * - * - - - - - - - | - * * * | <-- |incrementadorpc:19|fa:2|xor_com_nand:21|~3~1
LC17 -> - - - * - - - - - - - - - - - | - * - - | <-- |registrador8b:52|ddf_controledecarga:1|flipflopd:1|~5~1~2
LC31 -> - - * * - - - - - - - - * - - | - * - - | <-- |registrador8b:52|ddf_controledecarga:1|flipflopd:1|~5~1
LC30 -> - - - - - - * - - - - - - - - | - * - - | <-- |registrador8b:52|ddf_controledecarga:2|flipflopd:1|~5~1~2
LC32 -> - - - - - - * - - - - - - - - | - * - - | <-- |registrador8b:52|ddf_controledecarga:2|flipflopd:1|~5~1~3
LC28 -> - - - - - - - * - - - - - - - | - * - - | <-- |registrador8b:52|ddf_controledecarga:2|flipflopd:1|~5~1~4
LC22 -> - - - - * * - - - - - - - * - | - * - - | <-- |registrador8b:52|ddf_controledecarga:2|flipflopd:1|~5~1
LC26 -> - * - - - - - - - - - * - - * | - * - * | <-- |registrador8b:52|ddf_controledecarga:6|flipflopd:1|~3~1
LC23 -> - * - - - - - - - - - * - - * | - * - * | <-- |registrador8b:52|ddf_controledecarga:6|flipflopd:1|~8~1
LC21 -> - - * * * * - * - - - - * - - | - * * * | <-- s0
LC24 -> * - - - * * - * - - - - - * - | - * - - | <-- s1

Pin
12   -> - - * * * * - * - - - - - - - | - * * * | <-- cargaPC
11   -> - - * * * * - * * * * * * * - | - * * * | <-- CK
19   -> - - * * - - - - - - - - - - - | - * - - | <-- e0
20   -> - - - - * * - * - - - - - - - | - * - - | <-- e1
9    -> - - * * * * - * - - - - - - - | - * * * | <-- incrementa
LC40 -> - - - - - - - - * - - - - - - | - * - - | <-- |registrador8b:52|ddf_controledecarga:4|flipflopd:1|~5~1~2
LC42 -> - - - - - - - - * - - - - - - | - * - - | <-- |registrador8b:52|ddf_controledecarga:4|flipflopd:1|~5~1~3
LC37 -> - - - - - - - - * - - - - - - | - * * - | <-- |registrador8b:52|ddf_controledecarga:4|flipflopd:1|~5~1
LC63 -> - - - - - - - - - - * - - - - | - * - - | <-- |registrador8b:52|ddf_controledecarga:6|flipflopd:1|~6~1~2
LC54 -> - - - - - - - - - - * - - - - | - * - - | <-- |registrador8b:52|ddf_controledecarga:6|flipflopd:1|~6~1~3
LC57 -> - - - - - - - - - * * * - - - | - * - * | <-- |registrador8b:52|ddf_controledecarga:6|flipflopd:1|~6~1


* = The logic cell or pin is an input to the logic cell (or LAB) through the PIA.
- = The logic cell or pin is not an input to the logic cell (or LAB).


Device-Specific Information:c:\users\gui\documents\circuitos\trabalho td\pc.rpt
pc

** LOGIC CELL INTERCONNECTIONS **

Logic Array Block 'C':

                                         Logic cells placed in LAB 'C'
        +------------------------------- LC46 |incrementadorpc:19|fa:3|xor_com_nand:21|~3~1
        | +----------------------------- LC48 |incrementadorpc:19|fa:4|xor_com_nand:21|~3~1
        | | +--------------------------- LC34 |incrementadorpc:19|fa:5|xor_com_nand:21|~3~1
        | | | +------------------------- LC39 |registrador8b:52|ddf_controledecarga:3|flipflopd:1|~5~1~2
        | | | | +----------------------- LC41 |registrador8b:52|ddf_controledecarga:3|flipflopd:1|~5~1~3
        | | | | | +--------------------- LC38 |registrador8b:52|ddf_controledecarga:3|flipflopd:1|~5~1
        | | | | | | +------------------- LC40 |registrador8b:52|ddf_controledecarga:4|flipflopd:1|~5~1~2
        | | | | | | | +----------------- LC42 |registrador8b:52|ddf_controledecarga:4|flipflopd:1|~5~1~3
        | | | | | | | | +--------------- LC37 |registrador8b:52|ddf_controledecarga:4|flipflopd:1|~5~1
        | | | | | | | | | +------------- LC43 |registrador8b:52|ddf_controledecarga:5|flipflopd:1|~5~1~2
        | | | | | | | | | | +----------- LC44 |registrador8b:52|ddf_controledecarga:5|flipflopd:1|~5~1~3
        | | | | | | | | | | | +--------- LC45 |registrador8b:52|ddf_controledecarga:5|flipflopd:1|~5~1~4
        | | | | | | | | | | | | +------- LC47 |registrador8b:52|ddf_controledecarga:5|flipflopd:1|~5~1
        | | | | | | | | | | | | | +----- LC33 s2
        | | | | | | | | | | | | | | +--- LC35 s3
        | | | | | | | | | | | | | | | +- LC36 s4
        | | | | | | | | | | | | | | | | 
        | | | | | | | | | | | | | | | |   Other LABs fed by signals
        | | | | | | | | | | | | | | | |   that feed LAB 'C'
LC      | | | | | | | | | | | | | | | | | A B C D |     Logic cells that feed LAB 'C':
LC46 -> - - - * * * * * * * * - * - - - | - - * * | <-- |incrementadorpc:19|fa:3|xor_com_nand:21|~3~1
LC48 -> - - - - - - * * * * * - * - - - | - - * * | <-- |incrementadorpc:19|fa:4|xor_com_nand:21|~3~1
LC34 -> - - - - - - - - - * * - * - - - | - - * * | <-- |incrementadorpc:19|fa:5|xor_com_nand:21|~3~1
LC38 -> - - - * * - - - - - - - - * - - | - - * * | <-- |registrador8b:52|ddf_controledecarga:3|flipflopd:1|~5~1
LC37 -> - - - - - - * * - - - - - - * - | - * * - | <-- |registrador8b:52|ddf_controledecarga:4|flipflopd:1|~5~1
LC43 -> - - - - - - - - - - - * - - - - | - - * - | <-- |registrador8b:52|ddf_controledecarga:5|flipflopd:1|~5~1~2
LC44 -> - - - - - - - - - - - * - - - - | - - * - | <-- |registrador8b:52|ddf_controledecarga:5|flipflopd:1|~5~1~3
LC45 -> - - - - - - - - - - - - * - - - | - - * - | <-- |registrador8b:52|ddf_controledecarga:5|flipflopd:1|~5~1~4
LC47 -> - - - - - - - - - * * * - - - * | - - * - | <-- |registrador8b:52|ddf_controledecarga:5|flipflopd:1|~5~1
LC33 -> * - - * * * - - - - - - - * - - | - - * - | <-- s2
LC35 -> - * - - - - * * * - - - - - * - | - - * - | <-- s3
LC36 -> - - * - - - - - - * * - * - - * | - - * - | <-- s4

Pin
12   -> - - - * * * * * * * * - * - - - | - * * * | <-- cargaPC
11   -> - - - * * * * * * * * * * * * * | - * * * | <-- CK
21   -> - - - * * * - - - - - - - - - - | - - * - | <-- e2
4    -> - - - - - - * * * - - - - - - - | - - * - | <-- e3
5    -> - - - - - - - - - * * - * - - - | - - * - | <-- e4
9    -> - - - * * * * * * * * - * - - - | - * * * | <-- incrementa
LC18 -> - - - * * * * * * * * - * - - - | - * * * | <-- |incrementadorpc:19|fa:2|xor_com_nand:21|~3~1
LC60 -> - - - - - * - - - - - - - - - - | - - * - | <-- |registrador8b:52|ddf_controledecarga:3|flipflopd:1|~5~1~4
LC27 -> - - - - - - - - * - - - - - - - | - - * - | <-- |registrador8b:52|ddf_controledecarga:4|flipflopd:1|~5~1~4
LC21 -> - - - * * * * * * * * - * - - - | - * * * | <-- s0


* = The logic cell or pin is an input to the logic cell (or LAB) through the PIA.
- = The logic cell or pin is not an input to the logic cell (or LAB).


Device-Specific Information:c:\users\gui\documents\circuitos\trabalho td\pc.rpt
pc

** LOGIC CELL INTERCONNECTIONS **

Logic Array Block 'D':

                                         Logic cells placed in LAB 'D'
        +------------------------------- LC55 |incrementadorpc:19|fa:7|xor_com_nand:21|~3~1
        | +----------------------------- LC60 |registrador8b:52|ddf_controledecarga:3|flipflopd:1|~5~1~4
        | | +--------------------------- LC63 |registrador8b:52|ddf_controledecarga:6|flipflopd:1|~6~1~2
        | | | +------------------------- LC54 |registrador8b:52|ddf_controledecarga:6|flipflopd:1|~6~1~3
        | | | | +----------------------- LC57 |registrador8b:52|ddf_controledecarga:6|flipflopd:1|~6~1
        | | | | | +--------------------- LC49 |registrador8b:52|ddf_controledecarga:7|flipflopd:1|~3~1
        | | | | | | +------------------- LC50 |registrador8b:52|ddf_controledecarga:7|flipflopd:1|~6~1~2
        | | | | | | | +----------------- LC51 |registrador8b:52|ddf_controledecarga:7|flipflopd:1|~6~1~3
        | | | | | | | | +--------------- LC53 |registrador8b:52|ddf_controledecarga:7|flipflopd:1|~6~1~4
        | | | | | | | | | +------------- LC56 |registrador8b:52|ddf_controledecarga:7|flipflopd:1|~6~1
        | | | | | | | | | | +----------- LC58 |registrador8b:52|ddf_controledecarga:7|flipflopd:1|~8~1
        | | | | | | | | | | | +--------- LC59 |registrador8b:52|ddf_controledecarga:8|flipflopd:1|~5~1~2
        | | | | | | | | | | | | +------- LC61 |registrador8b:52|ddf_controledecarga:8|flipflopd:1|~5~1~3
        | | | | | | | | | | | | | +----- LC64 |registrador8b:52|ddf_controledecarga:8|flipflopd:1|~5~1
        | | | | | | | | | | | | | | +--- LC62 s6
        | | | | | | | | | | | | | | | +- LC52 s7
        | | | | | | | | | | | | | | | | 
        | | | | | | | | | | | | | | | |   Other LABs fed by signals
        | | | | | | | | | | | | | | | |   that feed LAB 'D'
LC      | | | | | | | | | | | | | | | | | A B C D |     Logic cells that feed LAB 'D':
LC55 -> - - - - - - * * - * - * - * - - | - - - * | <-- |incrementadorpc:19|fa:7|xor_com_nand:21|~3~1
LC57 -> - - * * - - - - - - - - - - - - | - * - * | <-- |registrador8b:52|ddf_controledecarga:6|flipflopd:1|~6~1
LC49 -> * - - - - - * * - * * - - - * - | - - - * | <-- |registrador8b:52|ddf_controledecarga:7|flipflopd:1|~3~1
LC50 -> - - - - - - - - * - - - - - - - | - - - * | <-- |registrador8b:52|ddf_controledecarga:7|flipflopd:1|~6~1~2
LC51 -> - - - - - - - - * - - - - - - - | - - - * | <-- |registrador8b:52|ddf_controledecarga:7|flipflopd:1|~6~1~3
LC53 -> - - - - - - - - - * - - - - - - | - - - * | <-- |registrador8b:52|ddf_controledecarga:7|flipflopd:1|~6~1~4
LC56 -> - - - - - * * * * - * - - - - - | - - - * | <-- |registrador8b:52|ddf_controledecarga:7|flipflopd:1|~6~1
LC58 -> * - - - - - * * - * * - - - * - | - - - * | <-- |registrador8b:52|ddf_controledecarga:7|flipflopd:1|~8~1
LC59 -> - - - - - - - - - - - - * - - - | - - - * | <-- |registrador8b:52|ddf_controledecarga:8|flipflopd:1|~5~1~2
LC61 -> - - - - - - - - - - - - - * - - | - - - * | <-- |registrador8b:52|ddf_controledecarga:8|flipflopd:1|~5~1~3
LC64 -> - - - - - - - - - - - * * * - * | - - - * | <-- |registrador8b:52|ddf_controledecarga:8|flipflopd:1|~5~1
LC52 -> - - - - - - - - - - - * - * - * | - - - * | <-- s7

Pin
12   -> - - * * * - * * - * - * * * - - | - * * * | <-- cargaPC
11   -> - * * * * * * * * * * * - * - * | - * * * | <-- CK
6    -> - - * * * - - - - - - - - - - - | - - - * | <-- e5
7    -> - - - - - - * * - * - - - - - - | - - - * | <-- e6
8    -> - - - - - - - - - - - * * * - - | - - - * | <-- e7
9    -> - - * * * - * * - * - * - * - - | - * * * | <-- incrementa
LC18 -> - - * * * - * * - * - * - * - - | - * * * | <-- |incrementadorpc:19|fa:2|xor_com_nand:21|~3~1
LC46 -> - - * * * - * * - * - * - * - - | - - * * | <-- |incrementadorpc:19|fa:3|xor_com_nand:21|~3~1
LC48 -> - - * * * - * * - * - * - * - - | - - * * | <-- |incrementadorpc:19|fa:4|xor_com_nand:21|~3~1
LC34 -> - - * * * - * * - * - * - * - - | - - * * | <-- |incrementadorpc:19|fa:5|xor_com_nand:21|~3~1
LC19 -> - - * * * - * * - * - * - * - - | - - - * | <-- |incrementadorpc:19|fa:6|xor_com_nand:21|~3~1
LC39 -> - * - - - - - - - - - - - - - - | - - - * | <-- |registrador8b:52|ddf_controledecarga:3|flipflopd:1|~5~1~2
LC41 -> - * - - - - - - - - - - - - - - | - - - * | <-- |registrador8b:52|ddf_controledecarga:3|flipflopd:1|~5~1~3
LC38 -> - * - - - - - - - - - - - - - - | - - * * | <-- |registrador8b:52|ddf_controledecarga:3|flipflopd:1|~5~1
LC26 -> - - * * * - - - - - - - - - - - | - * - * | <-- |registrador8b:52|ddf_controledecarga:6|flipflopd:1|~3~1
LC20 -> - - - - * - - - - - - - - - - - | - - - * | <-- |registrador8b:52|ddf_controledecarga:6|flipflopd:1|~6~1~4
LC23 -> - - * * * - - - - - - - - - - - | - * - * | <-- |registrador8b:52|ddf_controledecarga:6|flipflopd:1|~8~1
LC21 -> - - * * * - * * - * - * - * - - | - * * * | <-- s0


* = The logic cell or pin is an input to the logic cell (or LAB) through the PIA.
- = The logic cell or pin is not an input to the logic cell (or LAB).


Device-Specific Information:c:\users\gui\documents\circuitos\trabalho td\pc.rpt
pc

** EQUATIONS **

cargaPC  : INPUT;
CK       : INPUT;
e0       : INPUT;
e1       : INPUT;
e2       : INPUT;
e3       : INPUT;
e4       : INPUT;
e5       : INPUT;
e6       : INPUT;
e7       : INPUT;
incrementa : INPUT;

-- Node name is 's0' = '|registrador8b:52|ddf_controledecarga:1|flipflopd:1|~7~1' 
-- Equation name is 's0', type is output 
 s0      = LCELL( _EQ001 $  GND);
  _EQ001 =  CK & !_LC031
         # !CK &  s0
         # !_LC031 &  s0;

-- Node name is 's1' = '|registrador8b:52|ddf_controledecarga:2|flipflopd:1|~7~1' 
-- Equation name is 's1', type is output 
 s1      = LCELL( _EQ002 $  GND);
  _EQ002 =  CK & !_LC022
         # !CK &  s1
         # !_LC022 &  s1;

-- Node name is 's2' = '|registrador8b:52|ddf_controledecarga:3|flipflopd:1|~7~1' 
-- Equation name is 's2', type is output 
 s2      = LCELL( _EQ003 $  GND);
  _EQ003 =  CK & !_LC038
         # !CK &  s2
         # !_LC038 &  s2;

-- Node name is 's3' = '|registrador8b:52|ddf_controledecarga:4|flipflopd:1|~7~1' 
-- Equation name is 's3', type is output 
 s3      = LCELL( _EQ004 $  GND);
  _EQ004 =  CK & !_LC037
         # !CK &  s3
         # !_LC037 &  s3;

-- Node name is 's4' = '|registrador8b:52|ddf_controledecarga:5|flipflopd:1|~7~1' 
-- Equation name is 's4', type is output 
 s4      = LCELL( _EQ005 $  GND);
  _EQ005 =  CK & !_LC047
         # !CK &  s4
         # !_LC047 &  s4;

-- Node name is 's5' 
-- Equation name is 's5', location is LC025, type is output.
 s5      = LCELL( _EQ006 $  GND);
  _EQ006 = !_LC023 & !_LC026;

-- Node name is 's6' 
-- Equation name is 's6', location is LC062, type is output.
 s6      = LCELL( _EQ007 $  GND);
  _EQ007 = !_LC049 & !_LC058;

-- Node name is 's7' = '|registrador8b:52|ddf_controledecarga:8|flipflopd:1|~7~1' 
-- Equation name is 's7', type is output 
 s7      = LCELL( _EQ008 $  GND);
  _EQ008 =  CK & !_LC064
         # !CK &  s7
         # !_LC064 &  s7;

-- Node name is '|incrementadorpc:19|fa:2|xor_com_nand:21|~3~1' 
-- Equation name is '_LC018', type is buried 
-- synthesized logic cell 
_LC018   = LCELL( s1 $  GND);

-- Node name is '|incrementadorpc:19|fa:3|xor_com_nand:21|~3~1' 
-- Equation name is '_LC046', type is buried 
-- synthesized logic cell 
_LC046   = LCELL( s2 $  GND);

-- Node name is '|incrementadorpc:19|fa:4|xor_com_nand:21|~3~1' 
-- Equation name is '_LC048', type is buried 
-- synthesized logic cell 
_LC048   = LCELL( s3 $  GND);

-- Node name is '|incrementadorpc:19|fa:5|xor_com_nand:21|~3~1' 
-- Equation name is '_LC034', type is buried 
-- synthesized logic cell 
_LC034   = LCELL( s4 $  GND);

-- Node name is '|incrementadorpc:19|fa:6|xor_com_nand:21|~3~1' 
-- Equation name is '_LC019', type is buried 
-- synthesized logic cell 
_LC019   = LCELL( _EQ009 $  GND);
  _EQ009 = !_LC023 & !_LC026;

-- Node name is '|incrementadorpc:19|fa:7|xor_com_nand:21|~3~1' 
-- Equation name is '_LC055', type is buried 
-- synthesized logic cell 
_LC055   = LCELL( _EQ010 $  GND);
  _EQ010 = !_LC049 & !_LC058;

-- Node name is '|registrador8b:52|ddf_controledecarga:1|flipflopd:1|~5~1~2' 
-- Equation name is '_LC017', type is buried 
-- synthesized logic cell 
_LC017   = LCELL( _EQ011 $  GND);
  _EQ011 = !CK &  e0 &  incrementa & !s0
         # !cargaPC &  incrementa & !_LC031 & !s0
         # !CK &  e0 & !incrementa &  s0
         # !cargaPC & !incrementa & !_LC031 &  s0
         #  cargaPC &  e0 & !_LC031;

-- Node name is '|registrador8b:52|ddf_controledecarga:1|flipflopd:1|~5~1' 
-- Equation name is '_LC031', type is buried 
-- synthesized logic cell 
_LC031   = LCELL( _EQ012 $  VCC);
  _EQ012 = !cargaPC & !CK &  incrementa & !s0
         # !cargaPC & !CK & !incrementa &  s0
         #  cargaPC & !CK &  e0
         #  CK & !_LC031
         #  _LC017;

-- Node name is '|registrador8b:52|ddf_controledecarga:2|flipflopd:1|~5~1~2' 
-- Equation name is '_LC030', type is buried 
-- synthesized logic cell 
_LC030   = LCELL( _EQ013 $  GND);
  _EQ013 = !cargaPC & !CK & !_LC018 &  s0 &  s1
         # !CK &  e1 &  incrementa & !_LC018 &  s0
         # !cargaPC &  incrementa & !_LC018 & !_LC022 &  s0
         # !cargaPC & !CK &  _LC018 & !s0 &  s1
         # !CK &  e1 &  incrementa &  _LC018 & !s0;

-- Node name is '|registrador8b:52|ddf_controledecarga:2|flipflopd:1|~5~1~3' 
-- Equation name is '_LC032', type is buried 
-- synthesized logic cell 
_LC032   = LCELL( _EQ014 $  GND);
  _EQ014 = !cargaPC &  incrementa &  _LC018 & !_LC022 & !s0
         # !CK &  e1 & !incrementa &  s1
         # !cargaPC & !incrementa & !_LC022 &  s1
         #  cargaPC &  e1 & !_LC022
         #  CK & !_LC022;

-- Node name is '|registrador8b:52|ddf_controledecarga:2|flipflopd:1|~5~1~4' 
-- Equation name is '_LC028', type is buried 
-- synthesized logic cell 
_LC028   = LCELL( _EQ015 $  GND);
  _EQ015 =  _LC030
         #  _LC032;

-- Node name is '|registrador8b:52|ddf_controledecarga:2|flipflopd:1|~5~1' 
-- Equation name is '_LC022', type is buried 
-- synthesized logic cell 
_LC022   = LCELL( _EQ016 $  VCC);
  _EQ016 = !cargaPC & !CK &  incrementa & !_LC018 &  s0
         # !cargaPC & !CK &  incrementa &  _LC018 & !s0
         # !cargaPC & !CK & !incrementa &  s1
         #  cargaPC & !CK &  e1
         #  _LC028;

-- Node name is '|registrador8b:52|ddf_controledecarga:3|flipflopd:1|~5~1~2' 
-- Equation name is '_LC039', type is buried 
-- synthesized logic cell 
_LC039   = LCELL( _EQ017 $  GND);
  _EQ017 = !cargaPC & !CK &  incrementa &  _LC018 &  s0 &  _X001
         # !cargaPC & !CK &  _LC018 & !_LC046 &  s0 &  s2
         # !CK &  e2 &  incrementa &  _LC018 & !_LC046 &  s0
         # !cargaPC &  incrementa &  _LC018 & !_LC038 & !_LC046 &  s0
         # !cargaPC & !CK &  _LC046 &  s2 &  _X001;
  _X001  = EXP( _LC018 &  s0);

-- Node name is '|registrador8b:52|ddf_controledecarga:3|flipflopd:1|~5~1~3' 
-- Equation name is '_LC041', type is buried 
-- synthesized logic cell 
_LC041   = LCELL( _EQ018 $  GND);
  _EQ018 = !CK &  e2 &  incrementa &  _LC046 &  _X001
         # !cargaPC &  incrementa & !_LC038 &  _LC046 &  _X001
         # !CK &  e2 & !incrementa &  s2
         # !cargaPC & !incrementa & !_LC038 &  s2
         #  cargaPC &  e2 & !_LC038;
  _X001  = EXP( _LC018 &  s0);

-- Node name is '|registrador8b:52|ddf_controledecarga:3|flipflopd:1|~5~1~4' 
-- Equation name is '_LC060', type is buried 
-- synthesized logic cell 
_LC060   = LCELL( _EQ019 $  GND);
  _EQ019 =  CK & !_LC038
         #  _LC039
         #  _LC041;

-- Node name is '|registrador8b:52|ddf_controledecarga:3|flipflopd:1|~5~1' 
-- Equation name is '_LC038', type is buried 
-- synthesized logic cell 
_LC038   = LCELL( _EQ020 $  VCC);
  _EQ020 = !cargaPC & !CK &  incrementa &  _LC018 & !_LC046 &  s0
         # !cargaPC & !CK &  incrementa &  _LC046 &  _X001
         # !cargaPC & !CK & !incrementa &  s2
         #  cargaPC & !CK &  e2
         #  _LC060;
  _X001  = EXP( _LC018 &  s0);

-- Node name is '|registrador8b:52|ddf_controledecarga:4|flipflopd:1|~5~1~2' 
-- Equation name is '_LC040', type is buried 
-- synthesized logic cell 
_LC040   = LCELL( _EQ021 $  GND);
  _EQ021 = !cargaPC & !CK &  incrementa &  _LC018 &  _LC046 &  s0 &  _X002
         # !cargaPC & !CK &  _LC018 &  _LC046 & !_LC048 &  s0 &  s3
         # !CK &  e3 &  incrementa &  _LC018 &  _LC046 & !_LC048 &  s0
         # !cargaPC &  incrementa &  _LC018 & !_LC037 &  _LC046 & !_LC048 & 
              s0
         # !cargaPC & !CK &  _LC048 &  s3 &  _X002;
  _X002  = EXP( _LC018 &  _LC046 &  s0);

-- Node name is '|registrador8b:52|ddf_controledecarga:4|flipflopd:1|~5~1~3' 
-- Equation name is '_LC042', type is buried 
-- synthesized logic cell 
_LC042   = LCELL( _EQ022 $  GND);
  _EQ022 = !CK &  e3 &  incrementa &  _LC048 &  _X002
         # !cargaPC &  incrementa & !_LC037 &  _LC048 &  _X002
         # !CK &  e3 & !incrementa &  s3
         # !cargaPC & !incrementa & !_LC037 &  s3
         #  cargaPC &  e3 & !_LC037;
  _X002  = EXP( _LC018 &  _LC046 &  s0);

-- Node name is '|registrador8b:52|ddf_controledecarga:4|flipflopd:1|~5~1~4' 
-- Equation name is '_LC027', type is buried 
-- synthesized logic cell 
_LC027   = LCELL( _EQ023 $  GND);
  _EQ023 =  CK & !_LC037
         #  _LC040
         #  _LC042;

-- Node name is '|registrador8b:52|ddf_controledecarga:4|flipflopd:1|~5~1' 
-- Equation name is '_LC037', type is buried 
-- synthesized logic cell 
_LC037   = LCELL( _EQ024 $  VCC);
  _EQ024 = !cargaPC & !CK &  incrementa &  _LC018 &  _LC046 & !_LC048 &  s0
         # !cargaPC & !CK &  incrementa &  _LC048 &  _X002
         # !cargaPC & !CK & !incrementa &  s3
         #  cargaPC & !CK &  e3
         #  _LC027;
  _X002  = EXP( _LC018 &  _LC046 &  s0);

-- Node name is '|registrador8b:52|ddf_controledecarga:5|flipflopd:1|~5~1~2' 
-- Equation name is '_LC043', type is buried 
-- synthesized logic cell 
_LC043   = LCELL( _EQ025 $  GND);
  _EQ025 = !cargaPC & !CK &  incrementa &  _LC018 &  _LC046 &  _LC048 &  s0 & 
              _X003
         # !cargaPC & !CK &  _LC018 & !_LC034 &  _LC046 &  _LC048 &  s0 &  s4
         # !CK &  e4 &  incrementa &  _LC018 & !_LC034 &  _LC046 &  _LC048 & 
              s0
         # !cargaPC &  incrementa &  _LC018 & !_LC034 &  _LC046 & !_LC047 & 
              _LC048 &  s0
         # !cargaPC & !CK &  _LC034 &  s4 &  _X003;
  _X003  = EXP( _LC018 &  _LC046 &  _LC048 &  s0);

-- Node name is '|registrador8b:52|ddf_controledecarga:5|flipflopd:1|~5~1~3' 
-- Equation name is '_LC044', type is buried 
-- synthesized logic cell 
_LC044   = LCELL( _EQ026 $  GND);
  _EQ026 = !CK &  e4 &  incrementa &  _LC034 &  _X003
         # !cargaPC &  incrementa &  _LC034 & !_LC047 &  _X003
         # !CK &  e4 & !incrementa &  s4
         # !cargaPC & !incrementa & !_LC047 &  s4
         #  cargaPC &  e4 & !_LC047;
  _X003  = EXP( _LC018 &  _LC046 &  _LC048 &  s0);

-- Node name is '|registrador8b:52|ddf_controledecarga:5|flipflopd:1|~5~1~4' 
-- Equation name is '_LC045', type is buried 
-- synthesized logic cell 
_LC045   = LCELL( _EQ027 $  GND);
  _EQ027 =  CK & !_LC047
         #  _LC043
         #  _LC044;

-- Node name is '|registrador8b:52|ddf_controledecarga:5|flipflopd:1|~5~1' 
-- Equation name is '_LC047', type is buried 
-- synthesized logic cell 
_LC047   = LCELL( _EQ028 $  VCC);
  _EQ028 = !cargaPC & !CK &  incrementa &  _LC018 & !_LC034 &  _LC046 & 
              _LC048 &  s0
         # !cargaPC & !CK &  incrementa &  _LC034 &  _X003
         # !cargaPC & !CK & !incrementa &  s4
         #  cargaPC & !CK &  e4
         #  _LC045;
  _X003  = EXP( _LC018 &  _LC046 &  _LC048 &  s0);

-- Node name is '|registrador8b:52|ddf_controledecarga:6|flipflopd:1|~3~1' 
-- Equation name is '_LC026', type is buried 
-- synthesized logic cell 
_LC026   = LCELL( _EQ029 $  GND);
  _EQ029 =  CK & !_LC057;

-- Node name is '|registrador8b:52|ddf_controledecarga:6|flipflopd:1|~6~1~2' 
-- Equation name is '_LC063', type is buried 
-- synthesized logic cell 
_LC063   = LCELL( _EQ030 $  GND);
  _EQ030 = !cargaPC & !CK &  incrementa &  _LC018 &  _LC034 &  _LC046 & 
              _LC048 &  s0 &  _X004
         # !cargaPC & !CK &  _LC018 & !_LC019 & !_LC023 & !_LC026 &  _LC034 & 
              _LC046 &  _LC048 &  s0
         # !CK &  e5 &  incrementa &  _LC018 & !_LC019 &  _LC034 &  _LC046 & 
              _LC048 &  s0
         # !cargaPC &  incrementa &  _LC018 & !_LC019 &  _LC034 &  _LC046 & 
              _LC048 &  _LC057 &  s0
         # !cargaPC & !CK &  _LC019 & !_LC023 & !_LC026 &  _X004;
  _X004  = EXP( _LC018 &  _LC034 &  _LC046 &  _LC048 &  s0);

-- Node name is '|registrador8b:52|ddf_controledecarga:6|flipflopd:1|~6~1~3' 
-- Equation name is '_LC054', type is buried 
-- synthesized logic cell 
_LC054   = LCELL( _EQ031 $  GND);
  _EQ031 = !CK &  e5 &  incrementa &  _LC019 &  _X004
         # !cargaPC &  incrementa &  _LC019 &  _LC057 &  _X004
         # !CK &  e5 & !incrementa & !_LC023 & !_LC026
         # !cargaPC & !incrementa & !_LC023 & !_LC026 &  _LC057
         #  cargaPC &  e5 &  _LC057;
  _X004  = EXP( _LC018 &  _LC034 &  _LC046 &  _LC048 &  s0);

-- Node name is '|registrador8b:52|ddf_controledecarga:6|flipflopd:1|~6~1~4' 
-- Equation name is '_LC020', type is buried 
-- synthesized logic cell 
_LC020   = LCELL( _EQ032 $  GND);
  _EQ032 =  CK &  _LC057
         #  _LC063
         #  _LC054;

-- Node name is '|registrador8b:52|ddf_controledecarga:6|flipflopd:1|~6~1' 
-- Equation name is '_LC057', type is buried 
-- synthesized logic cell 
_LC057   = LCELL( _EQ033 $  GND);
  _EQ033 = !cargaPC & !CK &  incrementa &  _LC018 & !_LC019 &  _LC034 & 
              _LC046 &  _LC048 &  s0
         # !cargaPC & !CK &  incrementa &  _LC019 &  _X004
         # !cargaPC & !CK & !incrementa & !_LC023 & !_LC026
         #  cargaPC & !CK &  e5
         #  _LC020;
  _X004  = EXP( _LC018 &  _LC034 &  _LC046 &  _LC048 &  s0);

-- Node name is '|registrador8b:52|ddf_controledecarga:6|flipflopd:1|~8~1' 
-- Equation name is '_LC023', type is buried 
-- synthesized logic cell 
_LC023   = LCELL( _EQ034 $  VCC);
  _EQ034 =  CK &  _LC057
         # !_LC023 & !_LC026;

-- Node name is '|registrador8b:52|ddf_controledecarga:7|flipflopd:1|~3~1' 
-- Equation name is '_LC049', type is buried 
-- synthesized logic cell 
_LC049   = LCELL( _EQ035 $  GND);
  _EQ035 =  CK & !_LC056;

-- Node name is '|registrador8b:52|ddf_controledecarga:7|flipflopd:1|~6~1~2' 
-- Equation name is '_LC050', type is buried 
-- synthesized logic cell 
_LC050   = LCELL( _EQ036 $  GND);
  _EQ036 = !cargaPC & !CK &  incrementa &  _LC018 &  _LC019 &  _LC034 & 
              _LC046 &  _LC048 &  s0 &  _X005
         # !cargaPC & !CK &  _LC018 &  _LC019 &  _LC034 &  _LC046 &  _LC048 & 
             !_LC049 & !_LC055 & !_LC058 &  s0
         # !CK &  e6 &  incrementa &  _LC018 &  _LC019 &  _LC034 &  _LC046 & 
              _LC048 & !_LC055 &  s0
         # !cargaPC &  incrementa &  _LC018 &  _LC019 &  _LC034 &  _LC046 & 
              _LC048 & !_LC055 &  _LC056 &  s0
         # !cargaPC & !CK & !_LC049 &  _LC055 & !_LC058 &  _X005;
  _X005  = EXP( _LC018 &  _LC019 &  _LC034 &  _LC046 &  _LC048 &  s0);

-- Node name is '|registrador8b:52|ddf_controledecarga:7|flipflopd:1|~6~1~3' 
-- Equation name is '_LC051', type is buried 
-- synthesized logic cell 
_LC051   = LCELL( _EQ037 $  GND);
  _EQ037 = !CK &  e6 &  incrementa &  _LC055 &  _X005
         # !cargaPC &  incrementa &  _LC055 &  _LC056 &  _X005
         # !CK &  e6 & !incrementa & !_LC049 & !_LC058
         # !cargaPC & !incrementa & !_LC049 &  _LC056 & !_LC058
         #  cargaPC &  e6 &  _LC056;
  _X005  = EXP( _LC018 &  _LC019 &  _LC034 &  _LC046 &  _LC048 &  s0);

-- Node name is '|registrador8b:52|ddf_controledecarga:7|flipflopd:1|~6~1~4' 
-- Equation name is '_LC053', type is buried 
-- synthesized logic cell 
_LC053   = LCELL( _EQ038 $  GND);
  _EQ038 =  CK &  _LC056
         #  _LC050
         #  _LC051;

-- Node name is '|registrador8b:52|ddf_controledecarga:7|flipflopd:1|~6~1' 
-- Equation name is '_LC056', type is buried 
-- synthesized logic cell 
_LC056   = LCELL( _EQ039 $  GND);
  _EQ039 = !cargaPC & !CK &  incrementa &  _LC018 &  _LC019 &  _LC034 & 
              _LC046 &  _LC048 & !_LC055 &  s0
         # !cargaPC & !CK &  incrementa &  _LC055 &  _X005
         # !cargaPC & !CK & !incrementa & !_LC049 & !_LC058
         #  cargaPC & !CK &  e6
         #  _LC053;
  _X005  = EXP( _LC018 &  _LC019 &  _LC034 &  _LC046 &  _LC048 &  s0);

-- Node name is '|registrador8b:52|ddf_controledecarga:7|flipflopd:1|~8~1' 
-- Equation name is '_LC058', type is buried 
-- synthesized logic cell 
_LC058   = LCELL( _EQ040 $  VCC);
  _EQ040 =  CK &  _LC056
         # !_LC049 & !_LC058;

-- Node name is '|registrador8b:52|ddf_controledecarga:8|flipflopd:1|~5~1~2' 
-- Equation name is '_LC059', type is buried 
-- synthesized logic cell 
_LC059   = LCELL( _EQ041 $  GND);
  _EQ041 = !cargaPC & !CK &  incrementa &  _LC018 &  _LC019 &  _LC034 & 
              _LC046 &  _LC048 &  _LC055 &  s0 &  _X006
         # !CK &  e7 &  incrementa &  _LC018 &  _LC019 &  _LC034 &  _LC046 & 
              _LC048 &  _LC055 &  s0 & !s7
         # !cargaPC &  incrementa &  _LC018 &  _LC019 &  _LC034 &  _LC046 & 
              _LC048 &  _LC055 & !_LC064 &  s0 & !s7
         # !CK &  e7 &  s7 &  _X006
         # !cargaPC & !_LC064 &  s7 &  _X006;
  _X006  = EXP( incrementa &  _LC018 &  _LC019 &  _LC034 &  _LC046 &  _LC048 & 
              _LC055 &  s0);

-- Node name is '|registrador8b:52|ddf_controledecarga:8|flipflopd:1|~5~1~3' 
-- Equation name is '_LC061', type is buried 
-- synthesized logic cell 
_LC061   = LCELL( _EQ042 $  GND);
  _EQ042 =  cargaPC &  e7 & !_LC064
         #  _LC059;

-- Node name is '|registrador8b:52|ddf_controledecarga:8|flipflopd:1|~5~1' 
-- Equation name is '_LC064', type is buried 
-- synthesized logic cell 
_LC064   = LCELL( _EQ043 $  VCC);
  _EQ043 = !cargaPC & !CK &  incrementa &  _LC018 &  _LC019 &  _LC034 & 
              _LC046 &  _LC048 &  _LC055 &  s0 & !s7
         # !cargaPC & !CK &  s7 &  _X006
         #  cargaPC & !CK &  e7
         #  CK & !_LC064
         #  _LC061;
  _X006  = EXP( incrementa &  _LC018 &  _LC019 &  _LC034 &  _LC046 &  _LC048 & 
              _LC055 &  s0);



--     Shareable expanders that are duplicated in multiple LABs:
--     (none)




Project Information        c:\users\gui\documents\circuitos\trabalho td\pc.rpt

** COMPILATION SETTINGS & TIMES **

Processing Menu Commands
------------------------

Design Doctor                             = off

Logic Synthesis:

   Synthesis Type Used                    = Standard

   Default Synthesis Style                = NORMAL

      Logic option settings in 'NORMAL' style for 'MAX7000' family

      DECOMPOSE_GATES                     = on
      DUPLICATE_LOGIC_EXTRACTION          = on
      MINIMIZATION                        = full
      MULTI_LEVEL_FACTORING               = on
      NOT_GATE_PUSH_BACK                  = on
      PARALLEL_EXPANDERS                  = off
      REDUCE_LOGIC                        = on
      REFACTORIZATION                     = on
      REGISTER_OPTIMIZATION               = on
      RESYNTHESIZE_NETWORK                = on
      SLOW_SLEW_RATE                      = off
      SOFT_BUFFER_INSERTION               = on
      SUBFACTOR_EXTRACTION                = on
      TURBO_BIT                           = on
      XOR_SYNTHESIS                       = on
      IGNORE_SOFT_BUFFERS                 = off
      USE_LPM_FOR_AHDL_OPERATORS          = off

   Other logic synthesis settings:

      Automatic Global Clock              = on
      Automatic Global Clear              = on
      Automatic Global Preset             = on
      Automatic Global Output Enable      = on
      Automatic Fast I/O                  = off
      Automatic Register Packing          = off
      Automatic Open-Drain Pins           = on
      Automatic Implement in EAB          = off
      One-Hot State Machine Encoding      = off
      Optimize                            = 5

Default Timing Specifications: None

Cut All Bidir Feedback Timing Paths       = on
Cut All Clear & Preset Timing Paths       = on

Ignore Timing Assignments                 = on

Functional SNF Extractor                  = off

Linked SNF Extractor                      = off
Timing SNF Extractor                      = on
Optimize Timing SNF                       = off
Generate AHDL TDO File                    = off
Fitter Settings                           = NORMAL
Smart Recompile                           = off
Total Recompile                           = off

Interfaces Menu Commands
------------------------

EDIF Netlist Writer                       = off
Verilog Netlist Writer                    = off
VHDL Netlist Writer                       = off

Compilation Times
-----------------

   Compiler Netlist Extractor             00:00:00
   Database Builder                       00:00:00
   Logic Synthesizer                      00:00:00
   Partitioner                            00:00:00
   Fitter                                 00:00:00
   Timing SNF Extractor                   00:00:00
   Assembler                              00:00:00
   --------------------------             --------
   Total Time                             00:00:00


Memory Allocated
-----------------

Peak memory allocated during compilation  = 4,072K
