Project Informationc:\users\gui\documents\circuitos\trabalho td\registrador8b.rpt

MAX+plus II Compiler Report File
Version 10.2 07/10/2002
Compiled: 06/07/2008 21:20:17

Copyright (C) 1988-2002 Altera Corporation
Any megafunction design, and related net list (encrypted or decrypted),
support information, device programming or simulation file, and any other
associated documentation or information provided by Altera or a partner
under Altera's Megafunction Partnership Program may be used only to
program PLD devices (but not masked PLD devices) from Altera.  Any other
use of such megafunction design, net list, support information, device
programming or simulation file, or any other related documentation or
information is prohibited for any other purpose, including, but not
limited to modification, reverse engineering, de-compiling, or use with
any other silicon devices, unless such use is explicitly licensed under
a separate agreement with Altera or a megafunction partner.  Title to
the intellectual property, including patents, copyrights, trademarks,
trade secrets, or maskworks, embodied in any such megafunction design,
net list, support information, device programming or simulation file, or
any other related documentation or information provided by Altera or a
megafunction partner, remains with Altera, the megafunction partner, or
their respective licensors.  No other licenses, including any licenses
needed under any third party's intellectual property, are provided herein.



***** Project compilation was successful




** DEVICE SUMMARY **

Chip/                     Input   Output   Bidir         Shareable
POF       Device          Pins    Pins     Pins     LCs  Expanders  % Utilized

registrador8b
      EPM7032LC44-6        10       8        0      24      0           75 %

User Pins:                 10       8        0  



Project Informationc:\users\gui\documents\circuitos\trabalho td\registrador8b.rpt

** FILE HIERARCHY **



|ddf_controledecarga:1|
|ddf_controledecarga:1|flipflopd:1|
|ddf_controledecarga:1|mux_2_1:2|
|ddf_controledecarga:2|
|ddf_controledecarga:2|flipflopd:1|
|ddf_controledecarga:2|mux_2_1:2|
|ddf_controledecarga:3|
|ddf_controledecarga:3|flipflopd:1|
|ddf_controledecarga:3|mux_2_1:2|
|ddf_controledecarga:4|
|ddf_controledecarga:4|flipflopd:1|
|ddf_controledecarga:4|mux_2_1:2|
|ddf_controledecarga:5|
|ddf_controledecarga:5|flipflopd:1|
|ddf_controledecarga:5|mux_2_1:2|
|ddf_controledecarga:6|
|ddf_controledecarga:6|flipflopd:1|
|ddf_controledecarga:6|mux_2_1:2|
|ddf_controledecarga:7|
|ddf_controledecarga:7|flipflopd:1|
|ddf_controledecarga:7|mux_2_1:2|
|ddf_controledecarga:8|
|ddf_controledecarga:8|flipflopd:1|
|ddf_controledecarga:8|mux_2_1:2|


Device-Specific Information:c:\users\gui\documents\circuitos\trabalho td\registrador8b.rpt
registrador8b

***** Logic for device 'registrador8b' compiled without errors.




Device: EPM7032LC44-6

Device Options:
    Turbo Bit                                    = ON
    Security Bit                                 = OFF

                                            R  
                                            E  
                                            S  
                    C                       E  
                    a                       R  
                    r  V  G  G  G  G  G     V  
              d  C  g  C  N  N  N  N  N  Q  E  
              0  K  a  C  D  D  D  D  D  3  D  
            -----------------------------------_ 
          /   6  5  4  3  2  1 44 43 42 41 40   | 
      d1 |  7                                39 | Q4 
      d2 |  8                                38 | Q0 
      d3 |  9                                37 | Q2 
     GND | 10                                36 | Q1 
      d4 | 11                                35 | VCC 
      d5 | 12         EPM7032LC44-6          34 | RESERVED 
      d6 | 13                                33 | RESERVED 
      d7 | 14                                32 | RESERVED 
     VCC | 15                                31 | RESERVED 
      Q7 | 16                                30 | GND 
      Q5 | 17                                29 | RESERVED 
         |_  18 19 20 21 22 23 24 25 26 27 28  _| 
           ------------------------------------ 
              R  R  R  Q  G  V  R  R  R  R  R  
              E  E  E  6  N  C  E  E  E  E  E  
              S  S  S     D  C  S  S  S  S  S  
              E  E  E           E  E  E  E  E  
              R  R  R           R  R  R  R  R  
              V  V  V           V  V  V  V  V  
              E  E  E           E  E  E  E  E  
              D  D  D           D  D  D  D  D  


N.C. = No Connect. This pin has no internal connection to the device.
VCC = Dedicated power pin, which MUST be connected to VCC.
GND = Dedicated ground pin or unused dedicated input, which MUST be connected to GND.
RESERVED = Unused I/O pin, which MUST be left unconnected.



Device-Specific Information:c:\users\gui\documents\circuitos\trabalho td\registrador8b.rpt
registrador8b

** RESOURCE USAGE **

                                                Shareable     External
Logic Array Block     Logic Cells   I/O Pins    Expanders   Interconnect

A:     LC1 - LC16     9/16( 56%)  13/16( 81%)   3/16( 18%)  14/36( 38%) 
B:    LC17 - LC32    15/16( 93%)   5/16( 31%)   5/16( 31%)  22/36( 61%) 


Total dedicated input pins used:                 0/4      (  0%)
Total I/O pins used:                            18/32     ( 56%)
Total logic cells used:                         24/32     ( 75%)
Total shareable expanders used:                  0/32     (  0%)
Total Turbo logic cells used:                   24/32     ( 75%)
Total shareable expanders not available (n/a):   8/32     ( 25%)
Average fan-in:                                  4.33
Total fan-in:                                   104

Total input pins required:                      10
Total output pins required:                      8
Total bidirectional pins required:               0
Total logic cells required:                     24
Total flipflops required:                        0
Total product terms required:                   80
Total logic cells lending parallel expanders:    0
Total shareable expanders in database:           0

Synthesized logic cells:                        24/  32   ( 75%)



Device-Specific Information:c:\users\gui\documents\circuitos\trabalho td\registrador8b.rpt
registrador8b

** INPUTS **

                                         Shareable
                                         Expanders     Fan-In    Fan-Out
 Pin     LC  LAB  Primitive    Code   Total Shared n/a INP  FBK  OUT  FBK  Name
   4    (1)  (A)      INPUT               0      0   0    0    0    0   16  Carga
   5    (2)  (A)      INPUT               0      0   0    0    0    8    8  CK
   6    (3)  (A)      INPUT               0      0   0    0    0    0    2  d0
   7    (4)  (A)      INPUT               0      0   0    0    0    0    2  d1
   8    (5)  (A)      INPUT               0      0   0    0    0    0    2  d2
   9    (6)  (A)      INPUT               0      0   0    0    0    0    2  d3
  11    (7)  (A)      INPUT               0      0   0    0    0    0    2  d4
  12    (8)  (A)      INPUT               0      0   0    0    0    0    2  d5
  13    (9)  (A)      INPUT               0      0   0    0    0    0    2  d6
  14   (10)  (A)      INPUT               0      0   0    0    0    0    2  d7


Code:

s = Synthesized pin or logic cell
t = Turbo logic cell
+ = Synchronous flipflop
! = NOT gate push-back
r = Fitter-inserted logic cell


Device-Specific Information:c:\users\gui\documents\circuitos\trabalho td\registrador8b.rpt
registrador8b

** OUTPUTS **

                                         Shareable
                                         Expanders     Fan-In    Fan-Out
 Pin     LC  LAB  Primitive    Code   Total Shared n/a INP  FBK  OUT  FBK  Name
  38     20    B     OUTPUT    s t        0      0   0    1    2    1    2  Q0
  36     22    B     OUTPUT    s t        0      0   0    1    2    1    2  Q1
  37     21    B     OUTPUT    s t        0      0   0    1    2    1    2  Q2
  41     17    B     OUTPUT    s t        0      0   0    1    2    1    2  Q3
  39     19    B     OUTPUT    s t        0      0   0    1    2    1    2  Q4
  17     12    A     OUTPUT    s t        0      0   0    1    2    1    2  Q5
  21     16    A     OUTPUT    s t        0      0   0    1    2    1    2  Q6
  16     11    A     OUTPUT    s t        0      0   0    1    2    1    2  Q7


Code:

s = Synthesized pin or logic cell
t = Turbo logic cell
+ = Synchronous flipflop
! = NOT gate push-back
r = Fitter-inserted logic cell


Device-Specific Information:c:\users\gui\documents\circuitos\trabalho td\registrador8b.rpt
registrador8b

** BURIED LOGIC **

                                         Shareable
                                         Expanders     Fan-In    Fan-Out
 Pin     LC  LAB  Primitive    Code   Total Shared n/a INP  FBK  OUT  FBK  Name
 (32)    25    B      LCELL    s t        0      0   0    2    2    0    1  |ddf_controledecarga:1|flipflopd:1|~5~1~2
 (27)    29    B      LCELL    s t        1      0   1    3    3    1    2  |ddf_controledecarga:1|flipflopd:1|~5~1
 (40)    18    B      LCELL    s t        0      0   0    2    2    0    1  |ddf_controledecarga:2|flipflopd:1|~5~1~2
 (34)    23    B      LCELL    s t        1      0   1    3    3    1    2  |ddf_controledecarga:2|flipflopd:1|~5~1
 (33)    24    B      LCELL    s t        0      0   0    2    2    0    1  |ddf_controledecarga:3|flipflopd:1|~5~1~2
 (31)    26    B      LCELL    s t        1      0   1    3    3    1    2  |ddf_controledecarga:3|flipflopd:1|~5~1
 (29)    27    B      LCELL    s t        0      0   0    2    2    0    1  |ddf_controledecarga:4|flipflopd:1|~5~1~2
 (28)    28    B      LCELL    s t        1      0   1    3    3    1    2  |ddf_controledecarga:4|flipflopd:1|~5~1
 (26)    30    B      LCELL    s t        0      0   0    2    2    0    1  |ddf_controledecarga:5|flipflopd:1|~5~1~2
 (25)    31    B      LCELL    s t        1      0   1    3    3    1    2  |ddf_controledecarga:5|flipflopd:1|~5~1
 (12)     8    A      LCELL    s t        0      0   0    2    2    0    1  |ddf_controledecarga:6|flipflopd:1|~5~1~2
  (4)     1    A      LCELL    s t        1      0   1    3    3    1    2  |ddf_controledecarga:6|flipflopd:1|~5~1
 (11)     7    A      LCELL    s t        0      0   0    2    2    0    1  |ddf_controledecarga:7|flipflopd:1|~5~1~2
  (9)     6    A      LCELL    s t        1      0   1    3    3    1    2  |ddf_controledecarga:7|flipflopd:1|~5~1
  (8)     5    A      LCELL    s t        0      0   0    2    2    0    1  |ddf_controledecarga:8|flipflopd:1|~5~1~2
  (7)     4    A      LCELL    s t        1      0   1    3    3    1    2  |ddf_controledecarga:8|flipflopd:1|~5~1


Code:

s = Synthesized pin or logic cell
t = Turbo logic cell
+ = Synchronous flipflop
! = NOT gate push-back
r = Fitter-inserted logic cell


Device-Specific Information:c:\users\gui\documents\circuitos\trabalho td\registrador8b.rpt
registrador8b

** LOGIC CELL INTERCONNECTIONS **

Logic Array Block 'A':

                           Logic cells placed in LAB 'A'
        +----------------- LC8 |ddf_controledecarga:6|flipflopd:1|~5~1~2
        | +--------------- LC1 |ddf_controledecarga:6|flipflopd:1|~5~1
        | | +------------- LC7 |ddf_controledecarga:7|flipflopd:1|~5~1~2
        | | | +----------- LC6 |ddf_controledecarga:7|flipflopd:1|~5~1
        | | | | +--------- LC5 |ddf_controledecarga:8|flipflopd:1|~5~1~2
        | | | | | +------- LC4 |ddf_controledecarga:8|flipflopd:1|~5~1
        | | | | | | +----- LC12 Q5
        | | | | | | | +--- LC16 Q6
        | | | | | | | | +- LC11 Q7
        | | | | | | | | | 
        | | | | | | | | |   Other LABs fed by signals
        | | | | | | | | |   that feed LAB 'A'
LC      | | | | | | | | | | A B |     Logic cells that feed LAB 'A':
LC8  -> - * - - - - - - - | * - | <-- |ddf_controledecarga:6|flipflopd:1|~5~1~2
LC1  -> * * - - - - * - - | * - | <-- |ddf_controledecarga:6|flipflopd:1|~5~1
LC7  -> - - - * - - - - - | * - | <-- |ddf_controledecarga:7|flipflopd:1|~5~1~2
LC6  -> - - * * - - - * - | * - | <-- |ddf_controledecarga:7|flipflopd:1|~5~1
LC5  -> - - - - - * - - - | * - | <-- |ddf_controledecarga:8|flipflopd:1|~5~1~2
LC4  -> - - - - * * - - * | * - | <-- |ddf_controledecarga:8|flipflopd:1|~5~1
LC12 -> * * - - - - * - - | * - | <-- Q5
LC16 -> - - * * - - - * - | * - | <-- Q6
LC11 -> - - - - * * - - * | * - | <-- Q7

Pin
4    -> * * * * * * - - - | * * | <-- Carga
5    -> - * - * - * * * * | * * | <-- CK
12   -> * * - - - - - - - | * - | <-- d5
13   -> - - * * - - - - - | * - | <-- d6
14   -> - - - - * * - - - | * - | <-- d7


* = The logic cell or pin is an input to the logic cell (or LAB) through the PIA.
- = The logic cell or pin is not an input to the logic cell (or LAB).


Device-Specific Information:c:\users\gui\documents\circuitos\trabalho td\registrador8b.rpt
registrador8b

** LOGIC CELL INTERCONNECTIONS **

Logic Array Block 'B':

                                       Logic cells placed in LAB 'B'
        +----------------------------- LC25 |ddf_controledecarga:1|flipflopd:1|~5~1~2
        | +--------------------------- LC29 |ddf_controledecarga:1|flipflopd:1|~5~1
        | | +------------------------- LC18 |ddf_controledecarga:2|flipflopd:1|~5~1~2
        | | | +----------------------- LC23 |ddf_controledecarga:2|flipflopd:1|~5~1
        | | | | +--------------------- LC24 |ddf_controledecarga:3|flipflopd:1|~5~1~2
        | | | | | +------------------- LC26 |ddf_controledecarga:3|flipflopd:1|~5~1
        | | | | | | +----------------- LC27 |ddf_controledecarga:4|flipflopd:1|~5~1~2
        | | | | | | | +--------------- LC28 |ddf_controledecarga:4|flipflopd:1|~5~1
        | | | | | | | | +------------- LC30 |ddf_controledecarga:5|flipflopd:1|~5~1~2
        | | | | | | | | | +----------- LC31 |ddf_controledecarga:5|flipflopd:1|~5~1
        | | | | | | | | | | +--------- LC20 Q0
        | | | | | | | | | | | +------- LC22 Q1
        | | | | | | | | | | | | +----- LC21 Q2
        | | | | | | | | | | | | | +--- LC17 Q3
        | | | | | | | | | | | | | | +- LC19 Q4
        | | | | | | | | | | | | | | | 
        | | | | | | | | | | | | | | |   Other LABs fed by signals
        | | | | | | | | | | | | | | |   that feed LAB 'B'
LC      | | | | | | | | | | | | | | | | A B |     Logic cells that feed LAB 'B':
LC25 -> - * - - - - - - - - - - - - - | - * | <-- |ddf_controledecarga:1|flipflopd:1|~5~1~2
LC29 -> * * - - - - - - - - * - - - - | - * | <-- |ddf_controledecarga:1|flipflopd:1|~5~1
LC18 -> - - - * - - - - - - - - - - - | - * | <-- |ddf_controledecarga:2|flipflopd:1|~5~1~2
LC23 -> - - * * - - - - - - - * - - - | - * | <-- |ddf_controledecarga:2|flipflopd:1|~5~1
LC24 -> - - - - - * - - - - - - - - - | - * | <-- |ddf_controledecarga:3|flipflopd:1|~5~1~2
LC26 -> - - - - * * - - - - - - * - - | - * | <-- |ddf_controledecarga:3|flipflopd:1|~5~1
LC27 -> - - - - - - - * - - - - - - - | - * | <-- |ddf_controledecarga:4|flipflopd:1|~5~1~2
LC28 -> - - - - - - * * - - - - - * - | - * | <-- |ddf_controledecarga:4|flipflopd:1|~5~1
LC30 -> - - - - - - - - - * - - - - - | - * | <-- |ddf_controledecarga:5|flipflopd:1|~5~1~2
LC31 -> - - - - - - - - * * - - - - * | - * | <-- |ddf_controledecarga:5|flipflopd:1|~5~1
LC20 -> * * - - - - - - - - * - - - - | - * | <-- Q0
LC22 -> - - * * - - - - - - - * - - - | - * | <-- Q1
LC21 -> - - - - * * - - - - - - * - - | - * | <-- Q2
LC17 -> - - - - - - * * - - - - - * - | - * | <-- Q3
LC19 -> - - - - - - - - * * - - - - * | - * | <-- Q4

Pin
4    -> * * * * * * * * * * - - - - - | * * | <-- Carga
5    -> - * - * - * - * - * * * * * * | * * | <-- CK
6    -> * * - - - - - - - - - - - - - | - * | <-- d0
7    -> - - * * - - - - - - - - - - - | - * | <-- d1
8    -> - - - - * * - - - - - - - - - | - * | <-- d2
9    -> - - - - - - * * - - - - - - - | - * | <-- d3
11   -> - - - - - - - - * * - - - - - | - * | <-- d4


* = The logic cell or pin is an input to the logic cell (or LAB) through the PIA.
- = The logic cell or pin is not an input to the logic cell (or LAB).


Device-Specific Information:c:\users\gui\documents\circuitos\trabalho td\registrador8b.rpt
registrador8b

** EQUATIONS **

Carga    : INPUT;
CK       : INPUT;
d0       : INPUT;
d1       : INPUT;
d2       : INPUT;
d3       : INPUT;
d4       : INPUT;
d5       : INPUT;
d6       : INPUT;
d7       : INPUT;

-- Node name is 'Q0' = '|ddf_controledecarga:1|flipflopd:1|~7~1' 
-- Equation name is 'Q0', type is output 
 Q0      = LCELL( _EQ001 $  GND);
  _EQ001 =  CK & !_LC029
         # !CK &  Q0
         # !_LC029 &  Q0;

-- Node name is 'Q1' = '|ddf_controledecarga:2|flipflopd:1|~7~1' 
-- Equation name is 'Q1', type is output 
 Q1      = LCELL( _EQ002 $  GND);
  _EQ002 =  CK & !_LC023
         # !CK &  Q1
         # !_LC023 &  Q1;

-- Node name is 'Q2' = '|ddf_controledecarga:3|flipflopd:1|~7~1' 
-- Equation name is 'Q2', type is output 
 Q2      = LCELL( _EQ003 $  GND);
  _EQ003 =  CK & !_LC026
         # !CK &  Q2
         # !_LC026 &  Q2;

-- Node name is 'Q3' = '|ddf_controledecarga:4|flipflopd:1|~7~1' 
-- Equation name is 'Q3', type is output 
 Q3      = LCELL( _EQ004 $  GND);
  _EQ004 =  CK & !_LC028
         # !CK &  Q3
         # !_LC028 &  Q3;

-- Node name is 'Q4' = '|ddf_controledecarga:5|flipflopd:1|~7~1' 
-- Equation name is 'Q4', type is output 
 Q4      = LCELL( _EQ005 $  GND);
  _EQ005 =  CK & !_LC031
         # !CK &  Q4
         # !_LC031 &  Q4;

-- Node name is 'Q5' = '|ddf_controledecarga:6|flipflopd:1|~7~1' 
-- Equation name is 'Q5', type is output 
 Q5      = LCELL( _EQ006 $  GND);
  _EQ006 =  CK & !_LC001
         # !CK &  Q5
         # !_LC001 &  Q5;

-- Node name is 'Q6' = '|ddf_controledecarga:7|flipflopd:1|~7~1' 
-- Equation name is 'Q6', type is output 
 Q6      = LCELL( _EQ007 $  GND);
  _EQ007 =  CK & !_LC006
         # !CK &  Q6
         # !_LC006 &  Q6;

-- Node name is 'Q7' = '|ddf_controledecarga:8|flipflopd:1|~7~1' 
-- Equation name is 'Q7', type is output 
 Q7      = LCELL( _EQ008 $  GND);
  _EQ008 =  CK & !_LC004
         # !CK &  Q7
         # !_LC004 &  Q7;

-- Node name is '|ddf_controledecarga:1|flipflopd:1|~5~1~2' 
-- Equation name is '_LC025', type is buried 
-- synthesized logic cell 
_LC025   = LCELL( _EQ009 $  GND);
  _EQ009 =  Carga & !d0 &  _LC029
         # !Carga &  _LC029 & !Q0;

-- Node name is '|ddf_controledecarga:1|flipflopd:1|~5~1' 
-- Equation name is '_LC029', type is buried 
-- synthesized logic cell 
_LC029   = LCELL( _EQ010 $  GND);
  _EQ010 =  Carga & !CK & !d0
         # !Carga & !CK & !Q0
         #  CK &  _LC029
         # !CK & !d0 & !Q0
         #  _LC025;

-- Node name is '|ddf_controledecarga:2|flipflopd:1|~5~1~2' 
-- Equation name is '_LC018', type is buried 
-- synthesized logic cell 
_LC018   = LCELL( _EQ011 $  GND);
  _EQ011 =  Carga & !d1 &  _LC023
         # !Carga &  _LC023 & !Q1;

-- Node name is '|ddf_controledecarga:2|flipflopd:1|~5~1' 
-- Equation name is '_LC023', type is buried 
-- synthesized logic cell 
_LC023   = LCELL( _EQ012 $  GND);
  _EQ012 =  Carga & !CK & !d1
         # !Carga & !CK & !Q1
         #  CK &  _LC023
         # !CK & !d1 & !Q1
         #  _LC018;

-- Node name is '|ddf_controledecarga:3|flipflopd:1|~5~1~2' 
-- Equation name is '_LC024', type is buried 
-- synthesized logic cell 
_LC024   = LCELL( _EQ013 $  GND);
  _EQ013 =  Carga & !d2 &  _LC026
         # !Carga &  _LC026 & !Q2;

-- Node name is '|ddf_controledecarga:3|flipflopd:1|~5~1' 
-- Equation name is '_LC026', type is buried 
-- synthesized logic cell 
_LC026   = LCELL( _EQ014 $  GND);
  _EQ014 =  Carga & !CK & !d2
         # !Carga & !CK & !Q2
         #  CK &  _LC026
         # !CK & !d2 & !Q2
         #  _LC024;

-- Node name is '|ddf_controledecarga:4|flipflopd:1|~5~1~2' 
-- Equation name is '_LC027', type is buried 
-- synthesized logic cell 
_LC027   = LCELL( _EQ015 $  GND);
  _EQ015 =  Carga & !d3 &  _LC028
         # !Carga &  _LC028 & !Q3;

-- Node name is '|ddf_controledecarga:4|flipflopd:1|~5~1' 
-- Equation name is '_LC028', type is buried 
-- synthesized logic cell 
_LC028   = LCELL( _EQ016 $  GND);
  _EQ016 =  Carga & !CK & !d3
         # !Carga & !CK & !Q3
         #  CK &  _LC028
         # !CK & !d3 & !Q3
         #  _LC027;

-- Node name is '|ddf_controledecarga:5|flipflopd:1|~5~1~2' 
-- Equation name is '_LC030', type is buried 
-- synthesized logic cell 
_LC030   = LCELL( _EQ017 $  GND);
  _EQ017 =  Carga & !d4 &  _LC031
         # !Carga &  _LC031 & !Q4;

-- Node name is '|ddf_controledecarga:5|flipflopd:1|~5~1' 
-- Equation name is '_LC031', type is buried 
-- synthesized logic cell 
_LC031   = LCELL( _EQ018 $  GND);
  _EQ018 =  Carga & !CK & !d4
         # !Carga & !CK & !Q4
         #  CK &  _LC031
         # !CK & !d4 & !Q4
         #  _LC030;

-- Node name is '|ddf_controledecarga:6|flipflopd:1|~5~1~2' 
-- Equation name is '_LC008', type is buried 
-- synthesized logic cell 
_LC008   = LCELL( _EQ019 $  GND);
  _EQ019 =  Carga & !d5 &  _LC001
         # !Carga &  _LC001 & !Q5;

-- Node name is '|ddf_controledecarga:6|flipflopd:1|~5~1' 
-- Equation name is '_LC001', type is buried 
-- synthesized logic cell 
_LC001   = LCELL( _EQ020 $  GND);
  _EQ020 =  Carga & !CK & !d5
         # !Carga & !CK & !Q5
         #  CK &  _LC001
         # !CK & !d5 & !Q5
         #  _LC008;

-- Node name is '|ddf_controledecarga:7|flipflopd:1|~5~1~2' 
-- Equation name is '_LC007', type is buried 
-- synthesized logic cell 
_LC007   = LCELL( _EQ021 $  GND);
  _EQ021 =  Carga & !d6 &  _LC006
         # !Carga &  _LC006 & !Q6;

-- Node name is '|ddf_controledecarga:7|flipflopd:1|~5~1' 
-- Equation name is '_LC006', type is buried 
-- synthesized logic cell 
_LC006   = LCELL( _EQ022 $  GND);
  _EQ022 =  Carga & !CK & !d6
         # !Carga & !CK & !Q6
         #  CK &  _LC006
         # !CK & !d6 & !Q6
         #  _LC007;

-- Node name is '|ddf_controledecarga:8|flipflopd:1|~5~1~2' 
-- Equation name is '_LC005', type is buried 
-- synthesized logic cell 
_LC005   = LCELL( _EQ023 $  GND);
  _EQ023 =  Carga & !d7 &  _LC004
         # !Carga &  _LC004 & !Q7;

-- Node name is '|ddf_controledecarga:8|flipflopd:1|~5~1' 
-- Equation name is '_LC004', type is buried 
-- synthesized logic cell 
_LC004   = LCELL( _EQ024 $  GND);
  _EQ024 =  Carga & !CK & !d7
         # !Carga & !CK & !Q7
         #  CK &  _LC004
         # !CK & !d7 & !Q7
         #  _LC005;



--     Shareable expanders that are duplicated in multiple LABs:
--     (none)




Project Informationc:\users\gui\documents\circuitos\trabalho td\registrador8b.rpt

** COMPILATION SETTINGS & TIMES **

Processing Menu Commands
------------------------

Design Doctor                             = off

Logic Synthesis:

   Synthesis Type Used                    = Standard

   Default Synthesis Style                = NORMAL

      Logic option settings in 'NORMAL' style for 'MAX7000' family

      DECOMPOSE_GATES                     = on
      DUPLICATE_LOGIC_EXTRACTION          = on
      MINIMIZATION                        = full
      MULTI_LEVEL_FACTORING               = on
      NOT_GATE_PUSH_BACK                  = on
      PARALLEL_EXPANDERS                  = off
      REDUCE_LOGIC                        = on
      REFACTORIZATION                     = on
      REGISTER_OPTIMIZATION               = on
      RESYNTHESIZE_NETWORK                = on
      SLOW_SLEW_RATE                      = off
      SOFT_BUFFER_INSERTION               = on
      SUBFACTOR_EXTRACTION                = on
      TURBO_BIT                           = on
      XOR_SYNTHESIS                       = on
      IGNORE_SOFT_BUFFERS                 = off
      USE_LPM_FOR_AHDL_OPERATORS          = off

   Other logic synthesis settings:

      Automatic Global Clock              = on
      Automatic Global Clear              = on
      Automatic Global Preset             = on
      Automatic Global Output Enable      = on
      Automatic Fast I/O                  = off
      Automatic Register Packing          = off
      Automatic Open-Drain Pins           = on
      Automatic Implement in EAB          = off
      One-Hot State Machine Encoding      = off
      Optimize                            = 5

Default Timing Specifications: None

Cut All Bidir Feedback Timing Paths       = on
Cut All Clear & Preset Timing Paths       = on

Ignore Timing Assignments                 = on

Functional SNF Extractor                  = off

Linked SNF Extractor                      = off
Timing SNF Extractor                      = on
Optimize Timing SNF                       = off
Generate AHDL TDO File                    = off
Fitter Settings                           = NORMAL
Smart Recompile                           = off
Total Recompile                           = off

Interfaces Menu Commands
------------------------

EDIF Netlist Writer                       = off
Verilog Netlist Writer                    = off
VHDL Netlist Writer                       = off

Compilation Times
-----------------

   Compiler Netlist Extractor             00:00:00
   Database Builder                       00:00:00
   Logic Synthesizer                      00:00:00
   Partitioner                            00:00:01
   Fitter                                 00:00:00
   Timing SNF Extractor                   00:00:00
   Assembler                              00:00:00
   --------------------------             --------
   Total Time                             00:00:01


Memory Allocated
-----------------

Peak memory allocated during compilation  = 2,837K
