Project Information       c:\users\gui\documents\circuitos\trabalho td\ula.rpt

MAX+plus II Compiler Report File
Version 10.2 07/10/2002
Compiled: 05/15/2008 21:40:09

Copyright (C) 1988-2002 Altera Corporation
Any megafunction design, and related net list (encrypted or decrypted),
support information, device programming or simulation file, and any other
associated documentation or information provided by Altera or a partner
under Altera's Megafunction Partnership Program may be used only to
program PLD devices (but not masked PLD devices) from Altera.  Any other
use of such megafunction design, net list, support information, device
programming or simulation file, or any other related documentation or
information is prohibited for any other purpose, including, but not
limited to modification, reverse engineering, de-compiling, or use with
any other silicon devices, unless such use is explicitly licensed under
a separate agreement with Altera or a megafunction partner.  Title to
the intellectual property, including patents, copyrights, trademarks,
trade secrets, or maskworks, embodied in any such megafunction design,
net list, support information, device programming or simulation file, or
any other related documentation or information provided by Altera or a
megafunction partner, remains with Altera, the megafunction partner, or
their respective licensors.  No other licenses, including any licenses
needed under any third party's intellectual property, are provided herein.



***** Project compilation was successful




** DEVICE SUMMARY **

Chip/                     Input   Output   Bidir         Shareable
POF       Device          Pins    Pins     Pins     LCs  Expanders  % Utilized

ula       EPM7064LC44-7    19       10       0      48      32          75 %

User Pins:                 19       10       0  



Project Information       c:\users\gui\documents\circuitos\trabalho td\ula.rpt

** FILE HIERARCHY **



|ula_1bit:4|
|ula_1bit:4|fa:1|
|ula_1bit:4|fa:1|xor_com_nand:21|
|ula_1bit:4|fa:1|xor_com_nand:22|
|ula_1bit:4|mux_2_1:13|
|ula_1bit:4|mux_2_1:16|
|ula_1bit:4|mux_2_1:15|
|ula_1bit:4|mux_2_1:14|
|ula_1bit:7|
|ula_1bit:7|fa:1|
|ula_1bit:7|fa:1|xor_com_nand:21|
|ula_1bit:7|fa:1|xor_com_nand:22|
|ula_1bit:7|mux_2_1:13|
|ula_1bit:7|mux_2_1:16|
|ula_1bit:7|mux_2_1:15|
|ula_1bit:7|mux_2_1:14|
|ula_1bit:6|
|ula_1bit:6|fa:1|
|ula_1bit:6|fa:1|xor_com_nand:21|
|ula_1bit:6|fa:1|xor_com_nand:22|
|ula_1bit:6|mux_2_1:13|
|ula_1bit:6|mux_2_1:16|
|ula_1bit:6|mux_2_1:15|
|ula_1bit:6|mux_2_1:14|
|ula_1bit:5|
|ula_1bit:5|fa:1|
|ula_1bit:5|fa:1|xor_com_nand:21|
|ula_1bit:5|fa:1|xor_com_nand:22|
|ula_1bit:5|mux_2_1:13|
|ula_1bit:5|mux_2_1:16|
|ula_1bit:5|mux_2_1:15|
|ula_1bit:5|mux_2_1:14|
|ula_1bit:8|
|ula_1bit:8|fa:1|
|ula_1bit:8|fa:1|xor_com_nand:21|
|ula_1bit:8|fa:1|xor_com_nand:22|
|ula_1bit:8|mux_2_1:13|
|ula_1bit:8|mux_2_1:16|
|ula_1bit:8|mux_2_1:15|
|ula_1bit:8|mux_2_1:14|
|ula_1bit:3|
|ula_1bit:3|fa:1|
|ula_1bit:3|fa:1|xor_com_nand:21|
|ula_1bit:3|fa:1|xor_com_nand:22|
|ula_1bit:3|mux_2_1:13|
|ula_1bit:3|mux_2_1:16|
|ula_1bit:3|mux_2_1:15|
|ula_1bit:3|mux_2_1:14|
|ula_1bit:2|
|ula_1bit:2|fa:1|
|ula_1bit:2|fa:1|xor_com_nand:21|
|ula_1bit:2|fa:1|xor_com_nand:22|
|ula_1bit:2|mux_2_1:13|
|ula_1bit:2|mux_2_1:16|
|ula_1bit:2|mux_2_1:15|
|ula_1bit:2|mux_2_1:14|
|ula_1bit:1|
|ula_1bit:1|fa:1|
|ula_1bit:1|fa:1|xor_com_nand:21|
|ula_1bit:1|fa:1|xor_com_nand:22|
|ula_1bit:1|mux_2_1:13|
|ula_1bit:1|mux_2_1:16|
|ula_1bit:1|mux_2_1:15|
|ula_1bit:1|mux_2_1:14|
|comparador:38|
|comparador:38|xor_com_nand:8|
|comparador:38|xor_com_nand:7|
|comparador:38|xor_com_nand:6|
|comparador:38|xor_com_nand:5|
|comparador:38|xor_com_nand:4|
|comparador:38|xor_com_nand:3|
|comparador:38|xor_com_nand:2|
|comparador:38|xor_com_nand:1|
|mux_2_1:43|
|xor_com_nand:44|


Device-Specific Information:c:\users\gui\documents\circuitos\trabalho td\ula.rpt
ula

***** Logic for device 'ula' compiled without errors.




Device: EPM7064LC44-7

Device Options:
    Turbo Bit                                    = ON
    Security Bit                                 = OFF



Device-Specific Information:c:\users\gui\documents\circuitos\trabalho td\ula.rpt
ula

** ERROR SUMMARY **

Info: Chip 'ula' in device 'EPM7064LC44-7' has less than 20% of pins available for future logic changes -- if your project is likely to change, Altera recommends using a larger device
                                               
                                               
                                               
                                               
                                               
                       V  G  G  G     G        
              B  A  A  C  N  N  N  B  N  S  S  
              0  3  2  C  D  D  D  3  D  6  0  
            -----------------------------------_ 
          /   6  5  4  3  2  1 44 43 42 41 40   | 
      B1 |  7                                39 | S4 
      B2 |  8                                38 | S1 
RESERVED |  9                                37 | S5 
     GND | 10                                36 | S2 
       M | 11                                35 | VCC 
      A7 | 12         EPM7064LC44-7          34 | S3 
      B6 | 13                                33 | Z 
      B7 | 14                                32 | A0 
     VCC | 15                                31 | A4 
    selA | 16                                30 | GND 
    selB | 17                                29 | RESERVED 
         |_  18 19 20 21 22 23 24 25 26 27 28  _| 
           ------------------------------------ 
              A  N  A  S  G  V  A  B  R  B  R  
              6     5  7  N  C  1  4  E  5  E  
                          D  C        S     S  
                                      E     E  
                                      R     R  
                                      V     V  
                                      E     E  
                                      D     D  


N.C. = No Connect. This pin has no internal connection to the device.
VCC = Dedicated power pin, which MUST be connected to VCC.
GND = Dedicated ground pin or unused dedicated input, which MUST be connected to GND.
RESERVED = Unused I/O pin, which MUST be left unconnected.



Device-Specific Information:c:\users\gui\documents\circuitos\trabalho td\ula.rpt
ula

** RESOURCE USAGE **

                                                Shareable     External
Logic Array Block     Logic Cells   I/O Pins    Expanders   Interconnect

A:     LC1 - LC16     8/16( 50%)   7/ 8( 87%)  16/16(100%)  19/36( 52%) 
B:    LC17 - LC32     8/16( 50%)   8/ 8(100%)  15/16( 93%)  28/36( 77%) 
C:    LC33 - LC48    16/16(100%)   5/ 8( 62%)  16/16(100%)  26/36( 72%) 
D:    LC49 - LC64    16/16(100%)   8/ 8(100%)   7/16( 43%)  27/36( 75%) 


Total dedicated input pins used:                 1/4      ( 25%)
Total I/O pins used:                            28/32     ( 87%)
Total logic cells used:                         48/64     ( 75%)
Total shareable expanders used:                 32/64     ( 50%)
Total Turbo logic cells used:                   48/64     ( 75%)
Total shareable expanders not available (n/a):  22/64     ( 34%)
Average fan-in:                                  7.12
Total fan-in:                                   342

Total input pins required:                      19
Total output pins required:                     10
Total bidirectional pins required:               0
Total logic cells required:                     48
Total flipflops required:                        0
Total product terms required:                  207
Total logic cells lending parallel expanders:    0
Total shareable expanders in database:          26

Synthesized logic cells:                        38/  64   ( 59%)



Device-Specific Information:c:\users\gui\documents\circuitos\trabalho td\ula.rpt
ula

** INPUTS **

                                         Shareable
                                         Expanders     Fan-In    Fan-Out
 Pin     LC  LAB  Primitive    Code   Total Shared n/a INP  FBK  OUT  FBK  Name
  32   (48)  (C)      INPUT               0      0   0    0    0    0   24  A0
  24   (33)  (C)      INPUT               0      0   0    0    0    0   21  A1
   4   (16)  (A)      INPUT               0      0   0    0    0    0   21  A2
   5   (14)  (A)      INPUT               0      0   0    0    0    0   18  A3
  31   (46)  (C)      INPUT               0      0   0    0    0    0   14  A4
  20   (19)  (B)      INPUT               0      0   0    0    0    0    5  A5
  18   (21)  (B)      INPUT               0      0   0    0    0    0    4  A6
  12    (1)  (A)      INPUT               0      0   0    0    0    0    4  A7
   6   (11)  (A)      INPUT               0      0   0    0    0    0   24  B0
   7    (8)  (A)      INPUT               0      0   0    0    0    0   22  B1
   8    (5)  (A)      INPUT               0      0   0    0    0    0   21  B2
  43      -   -       INPUT               0      0   0    0    0    0   18  B3
  25   (35)  (C)      INPUT               0      0   0    0    0    0   14  B4
  27   (37)  (C)      INPUT               0      0   0    0    0    0    5  B5
  13   (32)  (B)      INPUT               0      0   0    0    0    0    4  B6
  14   (30)  (B)      INPUT               0      0   0    0    0    0    4  B7
  11    (3)  (A)      INPUT               0      0   0    0    0    6   26  M
  16   (25)  (B)      INPUT               0      0   0    0    0    0   11  selA
  17   (24)  (B)      INPUT               0      0   0    0    0    0   11  selB


Code:

s = Synthesized pin or logic cell
t = Turbo logic cell
+ = Synchronous flipflop
! = NOT gate push-back
r = Fitter-inserted logic cell


Device-Specific Information:c:\users\gui\documents\circuitos\trabalho td\ula.rpt
ula

** OUTPUTS **

                                         Shareable
                                         Expanders     Fan-In    Fan-Out
 Pin     LC  LAB  Primitive    Code   Total Shared n/a INP  FBK  OUT  FBK  Name
  19     20    B     OUTPUT      t        1      0   0    1    3    0    0  N
  40     62    D     OUTPUT      t        0      0   0    1    3    0    0  S0
  38     56    D     OUTPUT      t        0      0   0    0    2    0    0  S1
  36     52    D     OUTPUT      t        0      0   0    1    3    0    0  S2
  34     51    D     OUTPUT      t        0      0   0    1    3    0    0  S3
  39     57    D     OUTPUT      t        0      0   0    0    2    0    0  S4
  37     53    D     OUTPUT      t        0      0   0    0    2    0    0  S5
  41     64    D     OUTPUT      t        0      0   0    0    2    0    0  S6
  21     17    B     OUTPUT      t        0      0   0    1    4    2    0  S7
  33     49    D     OUTPUT      t        0      0   0    1   18    0    0  Z


Code:

s = Synthesized pin or logic cell
t = Turbo logic cell
+ = Synchronous flipflop
! = NOT gate push-back
r = Fitter-inserted logic cell


Device-Specific Information:c:\users\gui\documents\circuitos\trabalho td\ula.rpt
ula

** BURIED LOGIC **

                                         Shareable
                                         Expanders     Fan-In    Fan-Out
 Pin     LC  LAB  Primitive    Code   Total Shared n/a INP  FBK  OUT  FBK  Name
   -     61    D       SOFT    s t        0      0   0    3    0    2    0  |ula_1bit:1|mux_2_1:14|~2~1
 (31)    46    C       SOFT    s t        0      0   0    4    0    2    0  |ula_1bit:1|mux_2_1:16|~1~1
   -     43    C       SOFT    s t        0      0   0    4    0    2    0  |ula_1bit:1|mux_2_1:16|~2~1
   -     47    C       SOFT    s t        0      0   0    5    0    2    0  |ula_1bit:2|mux_2_1:14|~1~1
   -     54    D       SOFT    s t        1      0   0    5    0    2    0  |ula_1bit:2|mux_2_1:14|~2~1
   -     55    D       SOFT    s t        1      0   1    6    0    2    0  |ula_1bit:3|fa:1|xor_com_nand:22|~1~1
   -     63    D       SOFT    s t        1      1   0    6    0    2    0  |ula_1bit:3|fa:1|xor_com_nand:22|~2~1
 (32)    48    C       SOFT    s t        0      0   0    5    0    2    0  |ula_1bit:3|mux_2_1:14|~1~1
   -     18    B       SOFT    s t       12      2   1    9    4    2    0  |ula_1bit:4|mux_2_1:14|~2~1
   -     58    D       SOFT    s t        1      0   1    9    0    0    1  |ula_1bit:4|mux_2_1:14|~2~2
   -     59    D       SOFT    s t        1      0   1    9    0    0    1  |ula_1bit:4|mux_2_1:14|~2~3
   -     50    D       SOFT    s t        1      0   1    9    0    0    1  |ula_1bit:4|mux_2_1:14|~2~4
   -     60    D       SOFT    s t        1      0   1    9    0    0    1  |ula_1bit:4|mux_2_1:14|~2~5
 (29)    41    C       SOFT    s t        0      0   0    4    0    2    0  |ula_1bit:4|mux_2_1:16|~1~1
 (28)    40    C       SOFT    s t        0      0   0    4    0    2    0  |ula_1bit:4|mux_2_1:16|~2~1
   -      2    A       SOFT    s t        5      3   1   10    0    0    4  |ula_1bit:5|fa:1|~6~1
   -     39    C       SOFT    s t        0      0   0    5    0    2    0  |ula_1bit:5|mux_2_1:14|~1~1
 (26)    36    C       SOFT    s t       10      3   1   11   11    2    0  |ula_1bit:5|mux_2_1:14|~2~1
   -     34    C       SOFT    s t        1      0   1   11    0    0    1  |ula_1bit:5|mux_2_1:14|~2~2
 (27)    37    C       SOFT    s t        1      0   1   11    0    0    1  |ula_1bit:5|mux_2_1:14|~2~3
   -     38    C       SOFT    s t        1      0   1   11    0    0    1  |ula_1bit:5|mux_2_1:14|~2~4
  (9)     4    A       SOFT    s t        1      0   1   10    0    0    1  |ula_1bit:5|mux_2_1:14|~2~5
 (25)    35    C       SOFT    s t        1      0   1   11    0    0    1  |ula_1bit:5|mux_2_1:14|~2~6
   -      6    A       SOFT    s t        1      0   1   10    0    0    1  |ula_1bit:5|mux_2_1:14|~2~7
   -     42    C       SOFT    s t        1      0   1   11    0    0    1  |ula_1bit:5|mux_2_1:14|~2~8
   -      7    A       SOFT    s t        1      0   1   10    0    0    1  |ula_1bit:5|mux_2_1:14|~2~9
   -     44    C       SOFT    s t        1      0   1   11    0    0    1  |ula_1bit:5|mux_2_1:14|~2~10
  (5)    14    A       SOFT    s t        1      0   1   10    0    0    1  |ula_1bit:5|mux_2_1:14|~2~11
  (6)    11    A       SOFT    s t        1      0   1   10    0    0    1  |ula_1bit:5|mux_2_1:14|~2~12
 (24)    33    C       SOFT    s t        0      0   0    2    0    0    4  |ula_1bit:6|fa:1|xor_com_nand:21|~3~1
   -     45    C       SOFT    s t        0      0   0    5    0    2    0  |ula_1bit:6|mux_2_1:14|~1~1
 (14)    30    B       SOFT    s t        0      0   0    1    2    2    0  |ula_1bit:6|mux_2_1:14|~2~1
   -     29    B       SOFT    s t        0      0   0    5    0    2    0  |ula_1bit:7|mux_2_1:14|~1~1
   -     10    A       SOFT    s t        5      2   1    5    2    2    0  |ula_1bit:7|mux_2_1:14|~2~1
   -     27    B       SOFT    s t        2      0   1    6    2    2    0  |ula_1bit:8|fa:1|xor_com_nand:22|~1~1
   -      9    A       SOFT    s t        3      2   1    6    2    2    0  |ula_1bit:8|fa:1|xor_com_nand:22|~2~1
   -     26    B       SOFT    s t        0      0   0    4    0    1    0  |ula_1bit:8|mux_2_1:16|~1~1
 (20)    19    B       SOFT    s t        0      0   0    4    0    1    0  |ula_1bit:8|mux_2_1:16|~2~1


Code:

s = Synthesized pin or logic cell
t = Turbo logic cell
+ = Synchronous flipflop
! = NOT gate push-back
r = Fitter-inserted logic cell


Device-Specific Information:c:\users\gui\documents\circuitos\trabalho td\ula.rpt
ula

** LOGIC CELL INTERCONNECTIONS **

Logic Array Block 'A':

                         Logic cells placed in LAB 'A'
        +--------------- LC2 |ula_1bit:5|fa:1|~6~1
        | +------------- LC4 |ula_1bit:5|mux_2_1:14|~2~5
        | | +----------- LC6 |ula_1bit:5|mux_2_1:14|~2~7
        | | | +--------- LC7 |ula_1bit:5|mux_2_1:14|~2~9
        | | | | +------- LC14 |ula_1bit:5|mux_2_1:14|~2~11
        | | | | | +----- LC11 |ula_1bit:5|mux_2_1:14|~2~12
        | | | | | | +--- LC10 |ula_1bit:7|mux_2_1:14|~2~1
        | | | | | | | +- LC9 |ula_1bit:8|fa:1|xor_com_nand:22|~2~1
        | | | | | | | | 
        | | | | | | | |   Other LABs fed by signals
        | | | | | | | |   that feed LAB 'A'
LC      | | | | | | | | | A B C D |     Logic cells that feed LAB 'A':
LC2  -> - - - - - - * * | * * - - | <-- |ula_1bit:5|fa:1|~6~1

Pin
32   -> * * * * * * - - | * * * * | <-- A0
24   -> * * * * * - - - | * * * * | <-- A1
4    -> * * * * * * - - | * * * * | <-- A2
5    -> * * - * - * - - | * * * * | <-- A3
31   -> * * * * * * - - | * - * - | <-- A4
20   -> - - - - - - * * | * * * - | <-- A5
18   -> - - - - - - * * | * * - - | <-- A6
12   -> - - - - - - - * | * * - - | <-- A7
6    -> * * * * * * - - | * * * * | <-- B0
7    -> * * * * * * - - | * * * * | <-- B1
8    -> * * * * * * - - | * * * * | <-- B2
43   -> * - * - * * - - | * * * * | <-- B3
25   -> * * * * * * - - | * - * - | <-- B4
27   -> - - - - - - * * | * * * - | <-- B5
13   -> - - - - - - * * | * * - - | <-- B6
14   -> - - - - - - - * | * * - - | <-- B7
11   -> - * * * * * * - | * * * * | <-- M
LC33 -> - - - - - - * * | * * - - | <-- |ula_1bit:6|fa:1|xor_com_nand:21|~3~1


* = The logic cell or pin is an input to the logic cell (or LAB) through the PIA.
- = The logic cell or pin is not an input to the logic cell (or LAB).


Device-Specific Information:c:\users\gui\documents\circuitos\trabalho td\ula.rpt
ula

** LOGIC CELL INTERCONNECTIONS **

Logic Array Block 'B':

                         Logic cells placed in LAB 'B'
        +--------------- LC20 N
        | +------------- LC17 S7
        | | +----------- LC18 |ula_1bit:4|mux_2_1:14|~2~1
        | | | +--------- LC30 |ula_1bit:6|mux_2_1:14|~2~1
        | | | | +------- LC29 |ula_1bit:7|mux_2_1:14|~1~1
        | | | | | +----- LC27 |ula_1bit:8|fa:1|xor_com_nand:22|~1~1
        | | | | | | +--- LC26 |ula_1bit:8|mux_2_1:16|~1~1
        | | | | | | | +- LC19 |ula_1bit:8|mux_2_1:16|~2~1
        | | | | | | | | 
        | | | | | | | |   Other LABs fed by signals
        | | | | | | | |   that feed LAB 'B'
LC      | | | | | | | | | A B C D |     Logic cells that feed LAB 'B':
LC17 -> * - - - - - - - | - * - * | <-- S7
LC27 -> * * - - - - - - | - * - - | <-- |ula_1bit:8|fa:1|xor_com_nand:22|~1~1
LC26 -> - * - - - - - - | - * - - | <-- |ula_1bit:8|mux_2_1:16|~1~1
LC19 -> - * - - - - - - | - * - - | <-- |ula_1bit:8|mux_2_1:16|~2~1

Pin
32   -> - - * - - - - - | * * * * | <-- A0
24   -> - - * - - - - - | * * * * | <-- A1
4    -> - - * - - - - - | * * * * | <-- A2
5    -> - - * - - - - - | * * * * | <-- A3
20   -> - - - - - * - - | * * * - | <-- A5
18   -> - - - - * * - - | * * - - | <-- A6
12   -> - - - - - * * * | * * - - | <-- A7
6    -> - - * - - - - - | * * * * | <-- B0
7    -> - - * - - - - - | * * * * | <-- B1
8    -> - - * - - - - - | * * * * | <-- B2
43   -> - - * - - - - - | * * * * | <-- B3
27   -> - - - - - * - - | * * * - | <-- B5
13   -> - - - - * * - - | * * - - | <-- B6
14   -> - - - - - * * * | * * - - | <-- B7
11   -> * * * * * - - - | * * * * | <-- M
16   -> - - - - * - * * | - * * - | <-- selA
17   -> - - - - * - * * | - * * - | <-- selB
LC58 -> - - * - - - - - | - * - - | <-- |ula_1bit:4|mux_2_1:14|~2~2
LC59 -> - - * - - - - - | - * - - | <-- |ula_1bit:4|mux_2_1:14|~2~3
LC50 -> - - * - - - - - | - * - - | <-- |ula_1bit:4|mux_2_1:14|~2~4
LC60 -> - - * - - - - - | - * - - | <-- |ula_1bit:4|mux_2_1:14|~2~5
LC2  -> - - - * - * - - | * * - - | <-- |ula_1bit:5|fa:1|~6~1
LC33 -> - - - * - * - - | * * - - | <-- |ula_1bit:6|fa:1|xor_com_nand:21|~3~1
LC9  -> * * - - - - - - | - * - - | <-- |ula_1bit:8|fa:1|xor_com_nand:22|~2~1


* = The logic cell or pin is an input to the logic cell (or LAB) through the PIA.
- = The logic cell or pin is not an input to the logic cell (or LAB).


Device-Specific Information:c:\users\gui\documents\circuitos\trabalho td\ula.rpt
ula

** LOGIC CELL INTERCONNECTIONS **

Logic Array Block 'C':

                                         Logic cells placed in LAB 'C'
        +------------------------------- LC46 |ula_1bit:1|mux_2_1:16|~1~1
        | +----------------------------- LC43 |ula_1bit:1|mux_2_1:16|~2~1
        | | +--------------------------- LC47 |ula_1bit:2|mux_2_1:14|~1~1
        | | | +------------------------- LC48 |ula_1bit:3|mux_2_1:14|~1~1
        | | | | +----------------------- LC41 |ula_1bit:4|mux_2_1:16|~1~1
        | | | | | +--------------------- LC40 |ula_1bit:4|mux_2_1:16|~2~1
        | | | | | | +------------------- LC39 |ula_1bit:5|mux_2_1:14|~1~1
        | | | | | | | +----------------- LC36 |ula_1bit:5|mux_2_1:14|~2~1
        | | | | | | | | +--------------- LC34 |ula_1bit:5|mux_2_1:14|~2~2
        | | | | | | | | | +------------- LC37 |ula_1bit:5|mux_2_1:14|~2~3
        | | | | | | | | | | +----------- LC38 |ula_1bit:5|mux_2_1:14|~2~4
        | | | | | | | | | | | +--------- LC35 |ula_1bit:5|mux_2_1:14|~2~6
        | | | | | | | | | | | | +------- LC42 |ula_1bit:5|mux_2_1:14|~2~8
        | | | | | | | | | | | | | +----- LC44 |ula_1bit:5|mux_2_1:14|~2~10
        | | | | | | | | | | | | | | +--- LC33 |ula_1bit:6|fa:1|xor_com_nand:21|~3~1
        | | | | | | | | | | | | | | | +- LC45 |ula_1bit:6|mux_2_1:14|~1~1
        | | | | | | | | | | | | | | | | 
        | | | | | | | | | | | | | | | |   Other LABs fed by signals
        | | | | | | | | | | | | | | | |   that feed LAB 'C'
LC      | | | | | | | | | | | | | | | | | A B C D |     Logic cells that feed LAB 'C':
LC34 -> - - - - - - - * - - - - - - - - | - - * - | <-- |ula_1bit:5|mux_2_1:14|~2~2
LC37 -> - - - - - - - * - - - - - - - - | - - * - | <-- |ula_1bit:5|mux_2_1:14|~2~3
LC38 -> - - - - - - - * - - - - - - - - | - - * - | <-- |ula_1bit:5|mux_2_1:14|~2~4
LC35 -> - - - - - - - * - - - - - - - - | - - * - | <-- |ula_1bit:5|mux_2_1:14|~2~6
LC42 -> - - - - - - - * - - - - - - - - | - - * - | <-- |ula_1bit:5|mux_2_1:14|~2~8
LC44 -> - - - - - - - * - - - - - - - - | - - * - | <-- |ula_1bit:5|mux_2_1:14|~2~10

Pin
32   -> * * - - - - - * * * * * * * - - | * * * * | <-- A0
24   -> - - * - - - - * * * * * * * - - | * * * * | <-- A1
4    -> - - - * - - - * * * * * * * - - | * * * * | <-- A2
5    -> - - - - * * - * * * * * * * - - | * * * * | <-- A3
31   -> - - - - - - * * * * * * * * - - | * - * - | <-- A4
20   -> - - - - - - - - - - - - - - * * | * * * - | <-- A5
6    -> * * - - - - - * * * * * * * - - | * * * * | <-- B0
7    -> - - * - - - - * * * * * * * - - | * * * * | <-- B1
8    -> - - - * - - - * * * * * * * - - | * * * * | <-- B2
43   -> - - - - * * - * * * * * * * - - | * * * * | <-- B3
25   -> - - - - - - * * * * * * * * - - | * - * - | <-- B4
27   -> - - - - - - - - - - - - - - * * | * * * - | <-- B5
11   -> - - * * - - * * * * * * * * - * | * * * * | <-- M
16   -> * * * * * * * - - - - - - - - * | - * * - | <-- selA
17   -> * * * * * * * - - - - - - - - * | - * * - | <-- selB
LC4  -> - - - - - - - * - - - - - - - - | - - * - | <-- |ula_1bit:5|mux_2_1:14|~2~5
LC6  -> - - - - - - - * - - - - - - - - | - - * - | <-- |ula_1bit:5|mux_2_1:14|~2~7
LC7  -> - - - - - - - * - - - - - - - - | - - * - | <-- |ula_1bit:5|mux_2_1:14|~2~9
LC14 -> - - - - - - - * - - - - - - - - | - - * - | <-- |ula_1bit:5|mux_2_1:14|~2~11
LC11 -> - - - - - - - * - - - - - - - - | - - * - | <-- |ula_1bit:5|mux_2_1:14|~2~12


* = The logic cell or pin is an input to the logic cell (or LAB) through the PIA.
- = The logic cell or pin is not an input to the logic cell (or LAB).


Device-Specific Information:c:\users\gui\documents\circuitos\trabalho td\ula.rpt
ula

** LOGIC CELL INTERCONNECTIONS **

Logic Array Block 'D':

                                         Logic cells placed in LAB 'D'
        +------------------------------- LC62 S0
        | +----------------------------- LC56 S1
        | | +--------------------------- LC52 S2
        | | | +------------------------- LC51 S3
        | | | | +----------------------- LC57 S4
        | | | | | +--------------------- LC53 S5
        | | | | | | +------------------- LC64 S6
        | | | | | | | +----------------- LC61 |ula_1bit:1|mux_2_1:14|~2~1
        | | | | | | | | +--------------- LC54 |ula_1bit:2|mux_2_1:14|~2~1
        | | | | | | | | | +------------- LC55 |ula_1bit:3|fa:1|xor_com_nand:22|~1~1
        | | | | | | | | | | +----------- LC63 |ula_1bit:3|fa:1|xor_com_nand:22|~2~1
        | | | | | | | | | | | +--------- LC58 |ula_1bit:4|mux_2_1:14|~2~2
        | | | | | | | | | | | | +------- LC59 |ula_1bit:4|mux_2_1:14|~2~3
        | | | | | | | | | | | | | +----- LC50 |ula_1bit:4|mux_2_1:14|~2~4
        | | | | | | | | | | | | | | +--- LC60 |ula_1bit:4|mux_2_1:14|~2~5
        | | | | | | | | | | | | | | | +- LC49 Z
        | | | | | | | | | | | | | | | | 
        | | | | | | | | | | | | | | | |   Other LABs fed by signals
        | | | | | | | | | | | | | | | |   that feed LAB 'D'
LC      | | | | | | | | | | | | | | | | | A B C D |     Logic cells that feed LAB 'D':
LC61 -> * - - - - - - - - - - - - - - * | - - - * | <-- |ula_1bit:1|mux_2_1:14|~2~1
LC54 -> - * - - - - - - - - - - - - - * | - - - * | <-- |ula_1bit:2|mux_2_1:14|~2~1
LC55 -> - - * - - - - - - - - - - - - * | - - - * | <-- |ula_1bit:3|fa:1|xor_com_nand:22|~1~1
LC63 -> - - * - - - - - - - - - - - - * | - - - * | <-- |ula_1bit:3|fa:1|xor_com_nand:22|~2~1

Pin
32   -> - - - - - - - * * * * * * * * - | * * * * | <-- A0
24   -> - - - - - - - - * * * * * * * - | * * * * | <-- A1
4    -> - - - - - - - - - * * * * * * - | * * * * | <-- A2
5    -> - - - - - - - - - - - * * * * - | * * * * | <-- A3
6    -> - - - - - - - * * * * * * * * - | * * * * | <-- B0
7    -> - - - - - - - - * * * * * * * - | * * * * | <-- B1
8    -> - - - - - - - - - * * * * * * - | * * * * | <-- B2
43   -> - - - - - - - - - - - * * * * - | * * * * | <-- B3
11   -> * - * * - - - * * - - * * * * * | * * * * | <-- M
LC17 -> - - - - - - - - - - - - - - - * | - * - * | <-- S7
LC46 -> * - - - - - - - - - - - - - - * | - - - * | <-- |ula_1bit:1|mux_2_1:16|~1~1
LC43 -> * - - - - - - - - - - - - - - * | - - - * | <-- |ula_1bit:1|mux_2_1:16|~2~1
LC47 -> - * - - - - - - - - - - - - - * | - - - * | <-- |ula_1bit:2|mux_2_1:14|~1~1
LC48 -> - - * - - - - - - - - - - - - * | - - - * | <-- |ula_1bit:3|mux_2_1:14|~1~1
LC18 -> - - - * - - - - - - - - - - - * | - - - * | <-- |ula_1bit:4|mux_2_1:14|~2~1
LC41 -> - - - * - - - - - - - - - - - * | - - - * | <-- |ula_1bit:4|mux_2_1:16|~1~1
LC40 -> - - - * - - - - - - - - - - - * | - - - * | <-- |ula_1bit:4|mux_2_1:16|~2~1
LC39 -> - - - - * - - - - - - - - - - * | - - - * | <-- |ula_1bit:5|mux_2_1:14|~1~1
LC36 -> - - - - * - - - - - - - - - - * | - - - * | <-- |ula_1bit:5|mux_2_1:14|~2~1
LC45 -> - - - - - * - - - - - - - - - * | - - - * | <-- |ula_1bit:6|mux_2_1:14|~1~1
LC30 -> - - - - - * - - - - - - - - - * | - - - * | <-- |ula_1bit:6|mux_2_1:14|~2~1
LC29 -> - - - - - - * - - - - - - - - * | - - - * | <-- |ula_1bit:7|mux_2_1:14|~1~1
LC10 -> - - - - - - * - - - - - - - - * | - - - * | <-- |ula_1bit:7|mux_2_1:14|~2~1


* = The logic cell or pin is an input to the logic cell (or LAB) through the PIA.
- = The logic cell or pin is not an input to the logic cell (or LAB).


Device-Specific Information:c:\users\gui\documents\circuitos\trabalho td\ula.rpt
ula

** EQUATIONS **

A0       : INPUT;
A1       : INPUT;
A2       : INPUT;
A3       : INPUT;
A4       : INPUT;
A5       : INPUT;
A6       : INPUT;
A7       : INPUT;
B0       : INPUT;
B1       : INPUT;
B2       : INPUT;
B3       : INPUT;
B4       : INPUT;
B5       : INPUT;
B6       : INPUT;
B7       : INPUT;
M        : INPUT;
selA     : INPUT;
selB     : INPUT;

-- Node name is 'N' 
-- Equation name is 'N', location is LC020, type is output.
 N       = LCELL( _EQ001 $  GND);
  _EQ001 =  M &  S7
         # !M &  _X001;
  _X001  = EXP( _LC009 &  _LC027);

-- Node name is 'S0' 
-- Equation name is 'S0', location is LC062, type is output.
 S0      = LCELL( _EQ002 $  VCC);
  _EQ002 =  _LC043 &  _LC046 &  _LC061
         #  _LC061 & !M;

-- Node name is 'S1' 
-- Equation name is 'S1', location is LC056, type is output.
 S1      = LCELL( _EQ003 $  VCC);
  _EQ003 =  _LC047 &  _LC054;

-- Node name is 'S2' 
-- Equation name is 'S2', location is LC052, type is output.
 S2      = LCELL( _EQ004 $  VCC);
  _EQ004 =  _LC048 &  _LC055 &  _LC063
         #  _LC048 &  M;

-- Node name is 'S3' 
-- Equation name is 'S3', location is LC051, type is output.
 S3      = LCELL( _EQ005 $  VCC);
  _EQ005 =  _LC018 &  _LC040 &  _LC041
         #  _LC018 & !M;

-- Node name is 'S4' 
-- Equation name is 'S4', location is LC057, type is output.
 S4      = LCELL( _EQ006 $  VCC);
  _EQ006 =  _LC036 &  _LC039;

-- Node name is 'S5' 
-- Equation name is 'S5', location is LC053, type is output.
 S5      = LCELL( _EQ007 $  VCC);
  _EQ007 =  _LC030 &  _LC045;

-- Node name is 'S6' 
-- Equation name is 'S6', location is LC064, type is output.
 S6      = LCELL( _EQ008 $  VCC);
  _EQ008 =  _LC010 &  _LC029;

-- Node name is 'S7' 
-- Equation name is 'S7', location is LC017, type is output.
 S7      = LCELL( _EQ009 $  VCC);
  _EQ009 =  _LC019 &  _LC026 &  M
         #  _LC009 &  _LC027 & !M;

-- Node name is 'Z' 
-- Equation name is 'Z', location is LC049, type is output.
 Z       = LCELL( _EQ010 $  GND);
  _EQ010 =  _LC010 &  _LC018 &  _LC029 &  _LC030 &  _LC036 &  _LC039 & 
              _LC040 &  _LC041 &  _LC043 &  _LC045 &  _LC046 &  _LC047 & 
              _LC048 &  _LC054 &  _LC061 &  M & !S7
         #  _LC010 &  _LC018 &  _LC029 &  _LC030 &  _LC036 &  _LC039 & 
              _LC045 &  _LC047 &  _LC048 &  _LC054 &  _LC055 &  _LC061 & 
              _LC063 & !M & !S7;

-- Node name is '|ula_1bit:1|mux_2_1:14|~2~1' 
-- Equation name is '_LC061', type is buried 
-- synthesized logic cell 
_LC061   = LCELL( _EQ011 $  VCC);
  _EQ011 =  A0 & !B0 & !M
         # !A0 &  B0 & !M;

-- Node name is '|ula_1bit:1|mux_2_1:16|~1~1' 
-- Equation name is '_LC046', type is buried 
-- synthesized logic cell 
_LC046   = LCELL( _EQ012 $  VCC);
  _EQ012 =  B0 &  selA &  selB
         # !A0 &  selA & !selB;

-- Node name is '|ula_1bit:1|mux_2_1:16|~2~1' 
-- Equation name is '_LC043', type is buried 
-- synthesized logic cell 
_LC043   = LCELL( _EQ013 $  VCC);
  _EQ013 =  A0 & !selA &  selB
         #  B0 & !selA &  selB
         #  A0 &  B0 & !selA;

-- Node name is '|ula_1bit:2|mux_2_1:14|~1~1' 
-- Equation name is '_LC047', type is buried 
-- synthesized logic cell 
_LC047   = LCELL( _EQ014 $  VCC);
  _EQ014 =  A1 &  M & !selA &  selB
         #  A1 &  B1 &  M & !selA
         # !A1 &  M &  selA & !selB
         #  B1 &  M &  selB;

-- Node name is '|ula_1bit:2|mux_2_1:14|~2~1' 
-- Equation name is '_LC054', type is buried 
-- synthesized logic cell 
_LC054   = LCELL( _EQ015 $  VCC);
  _EQ015 =  A0 &  A1 &  B0 &  B1 & !M
         #  A0 & !A1 &  B0 & !B1 & !M
         #  A1 & !B1 & !M &  _X002
         # !A1 &  B1 & !M &  _X002;
  _X002  = EXP( A0 &  B0);

-- Node name is '|ula_1bit:3|fa:1|xor_com_nand:22|~1~1' 
-- Equation name is '_LC055', type is buried 
-- synthesized logic cell 
_LC055   = LCELL( _EQ016 $  GND);
  _EQ016 =  A0 &  A1 &  B0
         #  A0 &  B0 &  B1
         #  A1 &  B1
         #  A2 &  B2
         # !A2 & !B2;

-- Node name is '|ula_1bit:3|fa:1|xor_com_nand:22|~2~1' 
-- Equation name is '_LC063', type is buried 
-- synthesized logic cell 
_LC063   = LCELL( _EQ017 $  VCC);
  _EQ017 =  A0 &  A2 &  B0 &  B2 &  _X003
         #  A0 & !A2 &  B0 & !B2 &  _X003
         #  A1 &  A2 &  B1 &  B2
         #  A1 & !A2 &  B1 & !B2;
  _X003  = EXP(!A1 & !B1);

-- Node name is '|ula_1bit:3|mux_2_1:14|~1~1' 
-- Equation name is '_LC048', type is buried 
-- synthesized logic cell 
_LC048   = LCELL( _EQ018 $  VCC);
  _EQ018 =  A2 &  M & !selA &  selB
         #  A2 &  B2 &  M & !selA
         # !A2 &  M &  selA & !selB
         #  B2 &  M &  selB;

-- Node name is '|ula_1bit:4|mux_2_1:14|~2~1' 
-- Equation name is '_LC018', type is buried 
-- synthesized logic cell 
_LC018   = LCELL( _EQ019 $  _EQ020);
  _EQ019 =  A0 &  A2 & !A3 &  B0 & !B3 & !M &  _X003
         #  A0 & !A3 &  B0 &  B2 & !B3 & !M &  _X003
         #  A1 & !A3 &  B1 & !B3 & !M &  _X004
         #  A2 & !A3 &  B2 & !B3 & !M;
  _X003  = EXP(!A1 & !B1);
  _X004  = EXP(!A2 & !B2);
  _EQ020 = !_LC050 & !_LC058 & !_LC059 & !_LC060 &  _X005 &  _X006 &  _X007 & 
              _X008 &  _X009 &  _X010 &  _X011 &  _X012 &  _X013;
  _X005  = EXP(!A2 & !A3 & !B2 &  B3 & !M);
  _X006  = EXP(!A0 & !A1 & !A3 & !B2 &  B3 & !M);
  _X007  = EXP(!A2 & !A3 & !B0 & !B1 &  B3 & !M);
  _X008  = EXP(!A2 &  A3 & !B2 & !B3 & !M);
  _X009  = EXP( A2 &  A3 &  B2 &  B3 & !M);
  _X010  = EXP(!A3 & !B0 & !B1 & !B2 &  B3 & !M);
  _X011  = EXP(!A0 & !A3 & !B1 & !B2 &  B3 & !M);
  _X012  = EXP(!A1 & !A3 & !B0 & !B2 &  B3 & !M);
  _X013  = EXP(!A1 & !A3 & !B1 & !B2 &  B3 & !M);

-- Node name is '|ula_1bit:4|mux_2_1:14|~2~2' 
-- Equation name is '_LC058', type is buried 
-- synthesized logic cell 
_LC058   = LCELL( _EQ021 $  GND);
  _EQ021 =  A0 &  A1 &  A2 &  A3 &  B0 &  B3 & !M
         #  A0 &  A2 &  A3 &  B0 &  B1 &  B3 & !M
         #  A0 &  A1 &  A3 &  B0 &  B2 &  B3 & !M
         #  A0 &  A3 &  B0 &  B1 &  B2 &  B3 & !M
         #  A1 &  A2 &  A3 &  B1 &  B3 & !M;

-- Node name is '|ula_1bit:4|mux_2_1:14|~2~3' 
-- Equation name is '_LC059', type is buried 
-- synthesized logic cell 
_LC059   = LCELL( _EQ022 $  GND);
  _EQ022 =  A1 &  A3 &  B1 &  B2 &  B3 & !M
         # !A1 & !A2 &  A3 & !B1 & !B3 & !M
         # !A0 & !A1 & !A2 &  A3 & !B3 & !M
         # !A1 & !A2 &  A3 & !B0 & !B3 & !M
         # !A0 & !A2 &  A3 & !B1 & !B3 & !M;

-- Node name is '|ula_1bit:4|mux_2_1:14|~2~4' 
-- Equation name is '_LC050', type is buried 
-- synthesized logic cell 
_LC050   = LCELL( _EQ023 $  GND);
  _EQ023 = !A2 &  A3 & !B0 & !B1 & !B3 & !M
         # !A1 &  A3 & !B1 & !B2 & !B3 & !M
         # !A0 & !A1 &  A3 & !B2 & !B3 & !M
         # !A1 &  A3 & !B0 & !B2 & !B3 & !M
         # !A0 &  A3 & !B1 & !B2 & !B3 & !M;

-- Node name is '|ula_1bit:4|mux_2_1:14|~2~5' 
-- Equation name is '_LC060', type is buried 
-- synthesized logic cell 
_LC060   = LCELL( _EQ024 $  GND);
  _EQ024 =  A3 & !B0 & !B1 & !B2 & !B3 & !M
         # !A1 & !A2 & !A3 & !B1 &  B3 & !M
         # !A0 & !A1 & !A2 & !A3 &  B3 & !M
         # !A1 & !A2 & !A3 & !B0 &  B3 & !M
         # !A0 & !A2 & !A3 & !B1 &  B3 & !M;

-- Node name is '|ula_1bit:4|mux_2_1:16|~1~1' 
-- Equation name is '_LC041', type is buried 
-- synthesized logic cell 
_LC041   = LCELL( _EQ025 $  VCC);
  _EQ025 =  B3 &  selA &  selB
         # !A3 &  selA & !selB;

-- Node name is '|ula_1bit:4|mux_2_1:16|~2~1' 
-- Equation name is '_LC040', type is buried 
-- synthesized logic cell 
_LC040   = LCELL( _EQ026 $  VCC);
  _EQ026 =  A3 & !selA &  selB
         #  B3 & !selA &  selB
         #  A3 &  B3 & !selA;

-- Node name is '|ula_1bit:5|fa:1|~6~1' 
-- Equation name is '_LC002', type is buried 
-- synthesized logic cell 
_LC002   = LCELL( _EQ027 $  GND);
  _EQ027 =  A0 &  B0 &  _X003 &  _X004 &  _X014 &  _X015
         #  A1 &  B1 &  _X004 &  _X014 &  _X015
         #  A2 &  B2 &  _X014 &  _X015
         #  A3 &  B3 &  _X015
         #  A4 &  B4;
  _X003  = EXP(!A1 & !B1);
  _X004  = EXP(!A2 & !B2);
  _X014  = EXP(!A3 & !B3);
  _X015  = EXP(!A4 & !B4);

-- Node name is '|ula_1bit:5|mux_2_1:14|~1~1' 
-- Equation name is '_LC039', type is buried 
-- synthesized logic cell 
_LC039   = LCELL( _EQ028 $  VCC);
  _EQ028 =  A4 &  M & !selA &  selB
         #  A4 &  B4 &  M & !selA
         # !A4 &  M &  selA & !selB
         #  B4 &  M &  selB;

-- Node name is '|ula_1bit:5|mux_2_1:14|~2~1' 
-- Equation name is '_LC036', type is buried 
-- synthesized logic cell 
_LC036   = LCELL( _EQ029 $  _EQ030);
  _EQ029 =  A0 & !A4 &  B0 & !B4 & !M &  _X003 &  _X004 &  _X014
         #  A1 & !A4 &  B1 & !B4 & !M &  _X004 &  _X014
         #  A2 & !A4 &  B2 & !B4 & !M &  _X014
         #  A3 & !A4 &  B3 & !B4 & !M;
  _X003  = EXP(!A1 & !B1);
  _X004  = EXP(!A2 & !B2);
  _X014  = EXP(!A3 & !B3);
  _EQ030 = !_LC004 & !_LC006 & !_LC007 & !_LC011 & !_LC014 & !_LC034 & 
             !_LC035 & !_LC037 & !_LC038 & !_LC042 & !_LC044 &  _X016 & 
              _X017 &  _X018 &  _X019 &  _X020 &  _X021;
  _X016  = EXP(!A3 & !A4 & !B3 &  B4 & !M);
  _X017  = EXP(!A3 &  A4 & !B3 & !B4 & !M);
  _X018  = EXP( A3 &  A4 &  B3 &  B4 & !M);
  _X019  = EXP(!A2 & !A4 & !B2 & !B3 &  B4 & !M);
  _X020  = EXP(!A2 & !A3 & !A4 & !B2 &  B4 & !M);
  _X021  = EXP(!A2 &  A4 & !B2 & !B3 & !B4 & !M);

-- Node name is '|ula_1bit:5|mux_2_1:14|~2~2' 
-- Equation name is '_LC034', type is buried 
-- synthesized logic cell 
_LC034   = LCELL( _EQ031 $  GND);
  _EQ031 =  A0 &  A1 &  A2 &  A3 &  A4 &  B0 &  B4 & !M
         #  A0 &  A2 &  A3 &  A4 &  B0 &  B1 &  B4 & !M
         #  A0 &  A1 &  A3 &  A4 &  B0 &  B2 &  B4 & !M
         #  A0 &  A3 &  A4 &  B0 &  B1 &  B2 &  B4 & !M
         #  A0 &  A1 &  A2 &  A4 &  B0 &  B3 &  B4 & !M;

-- Node name is '|ula_1bit:5|mux_2_1:14|~2~3' 
-- Equation name is '_LC037', type is buried 
-- synthesized logic cell 
_LC037   = LCELL( _EQ032 $  GND);
  _EQ032 =  A0 &  A2 &  A4 &  B0 &  B1 &  B3 &  B4 & !M
         #  A0 &  A1 &  A4 &  B0 &  B2 &  B3 &  B4 & !M
         #  A0 &  A4 &  B0 &  B1 &  B2 &  B3 &  B4 & !M
         #  A1 &  A2 &  A3 &  A4 &  B1 &  B4 & !M
         #  A1 &  A3 &  A4 &  B1 &  B2 &  B4 & !M;

-- Node name is '|ula_1bit:5|mux_2_1:14|~2~4' 
-- Equation name is '_LC038', type is buried 
-- synthesized logic cell 
_LC038   = LCELL( _EQ033 $  GND);
  _EQ033 =  A1 &  A2 &  A4 &  B1 &  B3 &  B4 & !M
         #  A1 &  A4 &  B1 &  B2 &  B3 &  B4 & !M
         # !A1 & !A2 & !A3 &  A4 & !B1 & !B4 & !M
         # !A0 & !A1 & !A2 & !A3 &  A4 & !B4 & !M
         # !A1 & !A2 & !A3 &  A4 & !B0 & !B4 & !M;

-- Node name is '|ula_1bit:5|mux_2_1:14|~2~5' 
-- Equation name is '_LC004', type is buried 
-- synthesized logic cell 
_LC004   = LCELL( _EQ034 $  GND);
  _EQ034 = !A0 & !A2 & !A3 &  A4 & !B1 & !B4 & !M
         # !A2 & !A3 &  A4 & !B0 & !B1 & !B4 & !M
         # !A1 & !A3 &  A4 & !B1 & !B2 & !B4 & !M
         # !A0 & !A1 & !A3 &  A4 & !B2 & !B4 & !M
         # !A1 & !A3 &  A4 & !B0 & !B2 & !B4 & !M;

-- Node name is '|ula_1bit:5|mux_2_1:14|~2~6' 
-- Equation name is '_LC035', type is buried 
-- synthesized logic cell 
_LC035   = LCELL( _EQ035 $  GND);
  _EQ035 = !A0 & !A3 &  A4 & !B1 & !B2 & !B4 & !M
         # !A3 &  A4 & !B0 & !B1 & !B2 & !B4 & !M
         # !A1 & !A2 &  A4 & !B1 & !B3 & !B4 & !M
         # !A0 & !A1 & !A2 &  A4 & !B3 & !B4 & !M
         # !A1 & !A2 &  A4 & !B0 & !B3 & !B4 & !M;

-- Node name is '|ula_1bit:5|mux_2_1:14|~2~7' 
-- Equation name is '_LC006', type is buried 
-- synthesized logic cell 
_LC006   = LCELL( _EQ036 $  GND);
  _EQ036 = !A0 & !A2 &  A4 & !B1 & !B3 & !B4 & !M
         # !A2 &  A4 & !B0 & !B1 & !B3 & !B4 & !M
         # !A1 &  A4 & !B1 & !B2 & !B3 & !B4 & !M
         # !A0 & !A1 &  A4 & !B2 & !B3 & !B4 & !M
         # !A1 &  A4 & !B0 & !B2 & !B3 & !B4 & !M;

-- Node name is '|ula_1bit:5|mux_2_1:14|~2~8' 
-- Equation name is '_LC042', type is buried 
-- synthesized logic cell 
_LC042   = LCELL( _EQ037 $  GND);
  _EQ037 = !A0 &  A4 & !B1 & !B2 & !B3 & !B4 & !M
         #  A4 & !B0 & !B1 & !B2 & !B3 & !B4 & !M
         # !A1 & !A2 & !A3 & !A4 & !B1 &  B4 & !M
         # !A0 & !A1 & !A2 & !A3 & !A4 &  B4 & !M
         # !A1 & !A2 & !A3 & !A4 & !B0 &  B4 & !M;

-- Node name is '|ula_1bit:5|mux_2_1:14|~2~9' 
-- Equation name is '_LC007', type is buried 
-- synthesized logic cell 
_LC007   = LCELL( _EQ038 $  GND);
  _EQ038 = !A0 & !A2 & !A3 & !A4 & !B1 &  B4 & !M
         # !A2 & !A3 & !A4 & !B0 & !B1 &  B4 & !M
         # !A1 & !A3 & !A4 & !B1 & !B2 &  B4 & !M
         # !A0 & !A1 & !A3 & !A4 & !B2 &  B4 & !M
         # !A1 & !A3 & !A4 & !B0 & !B2 &  B4 & !M;

-- Node name is '|ula_1bit:5|mux_2_1:14|~2~10' 
-- Equation name is '_LC044', type is buried 
-- synthesized logic cell 
_LC044   = LCELL( _EQ039 $  GND);
  _EQ039 = !A0 & !A3 & !A4 & !B1 & !B2 &  B4 & !M
         # !A3 & !A4 & !B0 & !B1 & !B2 &  B4 & !M
         # !A1 & !A2 & !A4 & !B1 & !B3 &  B4 & !M
         # !A0 & !A1 & !A2 & !A4 & !B3 &  B4 & !M
         # !A1 & !A2 & !A4 & !B0 & !B3 &  B4 & !M;

-- Node name is '|ula_1bit:5|mux_2_1:14|~2~11' 
-- Equation name is '_LC014', type is buried 
-- synthesized logic cell 
_LC014   = LCELL( _EQ040 $  GND);
  _EQ040 = !A0 & !A2 & !A4 & !B1 & !B3 &  B4 & !M
         # !A2 & !A4 & !B0 & !B1 & !B3 &  B4 & !M
         # !A1 & !A4 & !B1 & !B2 & !B3 &  B4 & !M
         # !A0 & !A1 & !A4 & !B2 & !B3 &  B4 & !M
         # !A1 & !A4 & !B0 & !B2 & !B3 &  B4 & !M;

-- Node name is '|ula_1bit:5|mux_2_1:14|~2~12' 
-- Equation name is '_LC011', type is buried 
-- synthesized logic cell 
_LC011   = LCELL( _EQ041 $  GND);
  _EQ041 = !A0 & !A4 & !B1 & !B2 & !B3 &  B4 & !M
         # !A4 & !B0 & !B1 & !B2 & !B3 &  B4 & !M
         #  A2 &  A3 &  A4 &  B2 &  B4 & !M
         #  A2 &  A4 &  B2 &  B3 &  B4 & !M
         # !A2 & !A3 &  A4 & !B2 & !B4 & !M;

-- Node name is '|ula_1bit:6|fa:1|xor_com_nand:21|~3~1' 
-- Equation name is '_LC033', type is buried 
-- synthesized logic cell 
_LC033   = LCELL( B5 $  A5);

-- Node name is '|ula_1bit:6|mux_2_1:14|~1~1' 
-- Equation name is '_LC045', type is buried 
-- synthesized logic cell 
_LC045   = LCELL( _EQ042 $  VCC);
  _EQ042 =  A5 &  M & !selA &  selB
         #  A5 &  B5 &  M & !selA
         # !A5 &  M &  selA & !selB
         #  B5 &  M &  selB;

-- Node name is '|ula_1bit:6|mux_2_1:14|~2~1' 
-- Equation name is '_LC030', type is buried 
-- synthesized logic cell 
_LC030   = LCELL( _EQ043 $  VCC);
  _EQ043 = !_LC002 &  _LC033 & !M
         #  _LC002 & !_LC033 & !M;

-- Node name is '|ula_1bit:7|mux_2_1:14|~1~1' 
-- Equation name is '_LC029', type is buried 
-- synthesized logic cell 
_LC029   = LCELL( _EQ044 $  VCC);
  _EQ044 =  A6 &  M & !selA &  selB
         #  A6 &  B6 &  M & !selA
         # !A6 &  M &  selA & !selB
         #  B6 &  M &  selB;

-- Node name is '|ula_1bit:7|mux_2_1:14|~2~1' 
-- Equation name is '_LC010', type is buried 
-- synthesized logic cell 
_LC010   = LCELL( _EQ045 $  _EQ046);
  _EQ045 =  A5 &  A6 &  B5 &  B6 & !M
         #  A6 &  B6 &  _LC002 &  _LC033 & !M
         #  A6 & !B6 & !M &  _X022 &  _X023
         # !A6 &  B6 & !M &  _X022 &  _X023;
  _X022  = EXP( A5 &  B5);
  _X023  = EXP( _LC002 &  _LC033);
  _EQ046 =  _X024 &  _X025;
  _X024  = EXP(!A6 & !B6 &  _LC002 &  _LC033 & !M);
  _X025  = EXP( A5 & !A6 &  B5 & !B6 & !M);

-- Node name is '|ula_1bit:8|fa:1|xor_com_nand:22|~1~1' 
-- Equation name is '_LC027', type is buried 
-- synthesized logic cell 
_LC027   = LCELL( _EQ047 $  GND);
  _EQ047 =  _LC002 &  _LC033 &  _X026
         #  A5 &  B5 &  _X026
         #  A6 &  B6
         #  A7 &  B7
         # !A7 & !B7;
  _X026  = EXP(!A6 & !B6);

-- Node name is '|ula_1bit:8|fa:1|xor_com_nand:22|~2~1' 
-- Equation name is '_LC009', type is buried 
-- synthesized logic cell 
_LC009   = LCELL( _EQ048 $  GND);
  _EQ048 = !B6 &  _X022 &  _X023
         # !A6 &  _X022 &  _X023
         # !A7 &  B7
         #  A7 & !B7
         # !A6 & !B6;
  _X022  = EXP( A5 &  B5);
  _X023  = EXP( _LC002 &  _LC033);

-- Node name is '|ula_1bit:8|mux_2_1:16|~1~1' 
-- Equation name is '_LC026', type is buried 
-- synthesized logic cell 
_LC026   = LCELL( _EQ049 $  VCC);
  _EQ049 =  B7 &  selA &  selB
         # !A7 &  selA & !selB;

-- Node name is '|ula_1bit:8|mux_2_1:16|~2~1' 
-- Equation name is '_LC019', type is buried 
-- synthesized logic cell 
_LC019   = LCELL( _EQ050 $  VCC);
  _EQ050 =  A7 & !selA &  selB
         #  B7 & !selA &  selB
         #  A7 &  B7 & !selA;



--     Shareable expanders that are duplicated in multiple LABs:
--    _X003 occurs in LABs A, B, C, D
--    _X004 occurs in LABs A, B, C
--    _X014 occurs in LABs A, C




Project Information       c:\users\gui\documents\circuitos\trabalho td\ula.rpt

** COMPILATION SETTINGS & TIMES **

Processing Menu Commands
------------------------

Design Doctor                             = off

Logic Synthesis:

   Synthesis Type Used                    = Standard

   Default Synthesis Style                = NORMAL

      Logic option settings in 'NORMAL' style for 'MAX7000' family

      DECOMPOSE_GATES                     = on
      DUPLICATE_LOGIC_EXTRACTION          = on
      MINIMIZATION                        = full
      MULTI_LEVEL_FACTORING               = on
      NOT_GATE_PUSH_BACK                  = on
      PARALLEL_EXPANDERS                  = off
      REDUCE_LOGIC                        = on
      REFACTORIZATION                     = on
      REGISTER_OPTIMIZATION               = on
      RESYNTHESIZE_NETWORK                = on
      SLOW_SLEW_RATE                      = off
      SOFT_BUFFER_INSERTION               = on
      SUBFACTOR_EXTRACTION                = on
      TURBO_BIT                           = on
      XOR_SYNTHESIS                       = on
      IGNORE_SOFT_BUFFERS                 = off
      USE_LPM_FOR_AHDL_OPERATORS          = off

   Other logic synthesis settings:

      Automatic Global Clock              = on
      Automatic Global Clear              = on
      Automatic Global Preset             = on
      Automatic Global Output Enable      = on
      Automatic Fast I/O                  = off
      Automatic Register Packing          = off
      Automatic Open-Drain Pins           = on
      Automatic Implement in EAB          = off
      One-Hot State Machine Encoding      = off
      Optimize                            = 5

Default Timing Specifications: None

Cut All Bidir Feedback Timing Paths       = on
Cut All Clear & Preset Timing Paths       = on

Ignore Timing Assignments                 = on

Functional SNF Extractor                  = off

Linked SNF Extractor                      = off
Timing SNF Extractor                      = on
Optimize Timing SNF                       = off
Generate AHDL TDO File                    = off
Fitter Settings                           = NORMAL
Smart Recompile                           = off
Total Recompile                           = off

Interfaces Menu Commands
------------------------

EDIF Netlist Writer                       = off
Verilog Netlist Writer                    = off
VHDL Netlist Writer                       = off

Compilation Times
-----------------

   Compiler Netlist Extractor             00:00:01
   Database Builder                       00:00:00
   Logic Synthesizer                      00:00:00
   Partitioner                            00:00:01
   Fitter                                 00:00:00
   Timing SNF Extractor                   00:00:00
   Assembler                              00:00:00
   --------------------------             --------
   Total Time                             00:00:02


Memory Allocated
-----------------

Peak memory allocated during compilation  = 3,937K
